This is pdfTeX, Version 3.14159265-2.6-1.40.16 (TeX Live 2015/Debian) (preloaded format=pdflatex 2018.8.1)  5 SEP 2018 15:03
entering extended mode
 restricted \write18 enabled.
 %&-line parsing enabled.
**main.tex
(./main.tex
LaTeX2e <2016/02/01>
Babel <3.9q> and hyphenation patterns for 3 language(s) loaded.
(/usr/share/texlive/texmf-dist/tex/latex/base/article.cls
Document Class: article 2014/09/29 v1.4h Standard LaTeX document class
(/usr/share/texlive/texmf-dist/tex/latex/base/size10.clo
File: size10.clo 2014/09/29 v1.4h Standard LaTeX file (size option)
)
\c@part=\count79
\c@section=\count80
\c@subsection=\count81
\c@subsubsection=\count82
\c@paragraph=\count83
\c@subparagraph=\count84
\c@figure=\count85
\c@table=\count86
\abovecaptionskip=\skip41
\belowcaptionskip=\skip42
\bibindent=\dimen102
)
(/usr/share/texlive/texmf-dist/tex/latex/graphics/graphicx.sty
Package: graphicx 2014/10/28 v1.0g Enhanced LaTeX Graphics (DPC,SPQR)

(/usr/share/texlive/texmf-dist/tex/latex/graphics/keyval.sty
Package: keyval 2014/10/28 v1.15 key=value parser (DPC)
\KV@toks@=\toks14
)
(/usr/share/texlive/texmf-dist/tex/latex/graphics/graphics.sty
Package: graphics 2016/01/03 v1.0q Standard LaTeX Graphics (DPC,SPQR)

(/usr/share/texlive/texmf-dist/tex/latex/graphics/trig.sty
Package: trig 2016/01/03 v1.10 sin cos tan (DPC)
)
(/usr/share/texlive/texmf-dist/tex/latex/latexconfig/graphics.cfg
File: graphics.cfg 2010/04/23 v1.9 graphics configuration of TeX Live
)
Package graphics Info: Driver file: pdftex.def on input line 95.

(/usr/share/texlive/texmf-dist/tex/latex/pdftex-def/pdftex.def
File: pdftex.def 2011/05/27 v0.06d Graphics/color for pdfTeX

(/usr/share/texlive/texmf-dist/tex/generic/oberdiek/infwarerr.sty
Package: infwarerr 2010/04/08 v1.3 Providing info/warning/error messages (HO)
)
(/usr/share/texlive/texmf-dist/tex/generic/oberdiek/ltxcmds.sty
Package: ltxcmds 2011/11/09 v1.22 LaTeX kernel commands for general use (HO)
)
\Gread@gobject=\count87
))
\Gin@req@height=\dimen103
\Gin@req@width=\dimen104
) (./head.tex

! LaTeX Error: File `blindtext.sty' not found.

Type X to quit or <RETURN> to proceed,
or enter new name. (Default extension: sty)

Enter file name: 
(/usr/share/texlive/texmf-dist/tex/latex/psnfss/charter.sty
Package: charter 2005/04/12 PSNFSS-v9.2a (P.Dyballa) 
)
(/usr/share/texlive/texmf-dist/tex/latex/base/inputenc.sty
Package: inputenc 2015/03/17 v1.2c Input encoding file
\inpenc@prehook=\toks15
\inpenc@posthook=\toks16

(/usr/share/texlive/texmf-dist/tex/latex/base/utf8.def
File: utf8.def 2015/12/03 v1.1r UTF-8 support for inputenc
Now handling font encoding OML ...
... no UTF-8 mapping file for font encoding OML
Now handling font encoding T1 ...
... processing UTF-8 mapping file for font encoding T1

(/usr/share/texlive/texmf-dist/tex/latex/base/t1enc.dfu
File: t1enc.dfu 2015/12/03 v1.1r UTF-8 support for inputenc
   defining Unicode char U+00A0 (decimal 160)
   defining Unicode char U+00A1 (decimal 161)
   defining Unicode char U+00A3 (decimal 163)
   defining Unicode char U+00AB (decimal 171)
   defining Unicode char U+00AD (decimal 173)
   defining Unicode char U+00BB (decimal 187)
   defining Unicode char U+00BF (decimal 191)
   defining Unicode char U+00C0 (decimal 192)
   defining Unicode char U+00C1 (decimal 193)
   defining Unicode char U+00C2 (decimal 194)
   defining Unicode char U+00C3 (decimal 195)
   defining Unicode char U+00C4 (decimal 196)
   defining Unicode char U+00C5 (decimal 197)
   defining Unicode char U+00C6 (decimal 198)
   defining Unicode char U+00C7 (decimal 199)
   defining Unicode char U+00C8 (decimal 200)
   defining Unicode char U+00C9 (decimal 201)
   defining Unicode char U+00CA (decimal 202)
   defining Unicode char U+00CB (decimal 203)
   defining Unicode char U+00CC (decimal 204)
   defining Unicode char U+00CD (decimal 205)
   defining Unicode char U+00CE (decimal 206)
   defining Unicode char U+00CF (decimal 207)
   defining Unicode char U+00D0 (decimal 208)
   defining Unicode char U+00D1 (decimal 209)
   defining Unicode char U+00D2 (decimal 210)
   defining Unicode char U+00D3 (decimal 211)
   defining Unicode char U+00D4 (decimal 212)
   defining Unicode char U+00D5 (decimal 213)
   defining Unicode char U+00D6 (decimal 214)
   defining Unicode char U+00D8 (decimal 216)
   defining Unicode char U+00D9 (decimal 217)
   defining Unicode char U+00DA (decimal 218)
   defining Unicode char U+00DB (decimal 219)
   defining Unicode char U+00DC (decimal 220)
   defining Unicode char U+00DD (decimal 221)
   defining Unicode char U+00DE (decimal 222)
   defining Unicode char U+00DF (decimal 223)
   defining Unicode char U+00E0 (decimal 224)
   defining Unicode char U+00E1 (decimal 225)
   defining Unicode char U+00E2 (decimal 226)
   defining Unicode char U+00E3 (decimal 227)
   defining Unicode char U+00E4 (decimal 228)
   defining Unicode char U+00E5 (decimal 229)
   defining Unicode char U+00E6 (decimal 230)
   defining Unicode char U+00E7 (decimal 231)
   defining Unicode char U+00E8 (decimal 232)
   defining Unicode char U+00E9 (decimal 233)
   defining Unicode char U+00EA (decimal 234)
   defining Unicode char U+00EB (decimal 235)
   defining Unicode char U+00EC (decimal 236)
   defining Unicode char U+00ED (decimal 237)
   defining Unicode char U+00EE (decimal 238)
   defining Unicode char U+00EF (decimal 239)
   defining Unicode char U+00F0 (decimal 240)
   defining Unicode char U+00F1 (decimal 241)
   defining Unicode char U+00F2 (decimal 242)
   defining Unicode char U+00F3 (decimal 243)
   defining Unicode char U+00F4 (decimal 244)
   defining Unicode char U+00F5 (decimal 245)
   defining Unicode char U+00F6 (decimal 246)
   defining Unicode char U+00F8 (decimal 248)
   defining Unicode char U+00F9 (decimal 249)
   defining Unicode char U+00FA (decimal 250)
   defining Unicode char U+00FB (decimal 251)
   defining Unicode char U+00FC (decimal 252)
   defining Unicode char U+00FD (decimal 253)
   defining Unicode char U+00FE (decimal 254)
   defining Unicode char U+00FF (decimal 255)
   defining Unicode char U+0100 (decimal 256)
   defining Unicode char U+0101 (decimal 257)
   defining Unicode char U+0102 (decimal 258)
   defining Unicode char U+0103 (decimal 259)
   defining Unicode char U+0104 (decimal 260)
   defining Unicode char U+0105 (decimal 261)
   defining Unicode char U+0106 (decimal 262)
   defining Unicode char U+0107 (decimal 263)
   defining Unicode char U+0108 (decimal 264)
   defining Unicode char U+0109 (decimal 265)
   defining Unicode char U+010A (decimal 266)
   defining Unicode char U+010B (decimal 267)
   defining Unicode char U+010C (decimal 268)
   defining Unicode char U+010D (decimal 269)
   defining Unicode char U+010E (decimal 270)
   defining Unicode char U+010F (decimal 271)
   defining Unicode char U+0110 (decimal 272)
   defining Unicode char U+0111 (decimal 273)
   defining Unicode char U+0112 (decimal 274)
   defining Unicode char U+0113 (decimal 275)
   defining Unicode char U+0114 (decimal 276)
   defining Unicode char U+0115 (decimal 277)
   defining Unicode char U+0116 (decimal 278)
   defining Unicode char U+0117 (decimal 279)
   defining Unicode char U+0118 (decimal 280)
   defining Unicode char U+0119 (decimal 281)
   defining Unicode char U+011A (decimal 282)
   defining Unicode char U+011B (decimal 283)
   defining Unicode char U+011C (decimal 284)
   defining Unicode char U+011D (decimal 285)
   defining Unicode char U+011E (decimal 286)
   defining Unicode char U+011F (decimal 287)
   defining Unicode char U+0120 (decimal 288)
   defining Unicode char U+0121 (decimal 289)
   defining Unicode char U+0122 (decimal 290)
   defining Unicode char U+0123 (decimal 291)
   defining Unicode char U+0124 (decimal 292)
   defining Unicode char U+0125 (decimal 293)
   defining Unicode char U+0128 (decimal 296)
   defining Unicode char U+0129 (decimal 297)
   defining Unicode char U+012A (decimal 298)
   defining Unicode char U+012B (decimal 299)
   defining Unicode char U+012C (decimal 300)
   defining Unicode char U+012D (decimal 301)
   defining Unicode char U+012E (decimal 302)
   defining Unicode char U+012F (decimal 303)
   defining Unicode char U+0130 (decimal 304)
   defining Unicode char U+0131 (decimal 305)
   defining Unicode char U+0132 (decimal 306)
   defining Unicode char U+0133 (decimal 307)
   defining Unicode char U+0134 (decimal 308)
   defining Unicode char U+0135 (decimal 309)
   defining Unicode char U+0136 (decimal 310)
   defining Unicode char U+0137 (decimal 311)
   defining Unicode char U+0139 (decimal 313)
   defining Unicode char U+013A (decimal 314)
   defining Unicode char U+013B (decimal 315)
   defining Unicode char U+013C (decimal 316)
   defining Unicode char U+013D (decimal 317)
   defining Unicode char U+013E (decimal 318)
   defining Unicode char U+0141 (decimal 321)
   defining Unicode char U+0142 (decimal 322)
   defining Unicode char U+0143 (decimal 323)
   defining Unicode char U+0144 (decimal 324)
   defining Unicode char U+0145 (decimal 325)
   defining Unicode char U+0146 (decimal 326)
   defining Unicode char U+0147 (decimal 327)
   defining Unicode char U+0148 (decimal 328)
   defining Unicode char U+014A (decimal 330)
   defining Unicode char U+014B (decimal 331)
   defining Unicode char U+014C (decimal 332)
   defining Unicode char U+014D (decimal 333)
   defining Unicode char U+014E (decimal 334)
   defining Unicode char U+014F (decimal 335)
   defining Unicode char U+0150 (decimal 336)
   defining Unicode char U+0151 (decimal 337)
   defining Unicode char U+0152 (decimal 338)
   defining Unicode char U+0153 (decimal 339)
   defining Unicode char U+0154 (decimal 340)
   defining Unicode char U+0155 (decimal 341)
   defining Unicode char U+0156 (decimal 342)
   defining Unicode char U+0157 (decimal 343)
   defining Unicode char U+0158 (decimal 344)
   defining Unicode char U+0159 (decimal 345)
   defining Unicode char U+015A (decimal 346)
   defining Unicode char U+015B (decimal 347)
   defining Unicode char U+015C (decimal 348)
   defining Unicode char U+015D (decimal 349)
   defining Unicode char U+015E (decimal 350)
   defining Unicode char U+015F (decimal 351)
   defining Unicode char U+0160 (decimal 352)
   defining Unicode char U+0161 (decimal 353)
   defining Unicode char U+0162 (decimal 354)
   defining Unicode char U+0163 (decimal 355)
   defining Unicode char U+0164 (decimal 356)
   defining Unicode char U+0165 (decimal 357)
   defining Unicode char U+0168 (decimal 360)
   defining Unicode char U+0169 (decimal 361)
   defining Unicode char U+016A (decimal 362)
   defining Unicode char U+016B (decimal 363)
   defining Unicode char U+016C (decimal 364)
   defining Unicode char U+016D (decimal 365)
   defining Unicode char U+016E (decimal 366)
   defining Unicode char U+016F (decimal 367)
   defining Unicode char U+0170 (decimal 368)
   defining Unicode char U+0171 (decimal 369)
   defining Unicode char U+0172 (decimal 370)
   defining Unicode char U+0173 (decimal 371)
   defining Unicode char U+0174 (decimal 372)
   defining Unicode char U+0175 (decimal 373)
   defining Unicode char U+0176 (decimal 374)
   defining Unicode char U+0177 (decimal 375)
   defining Unicode char U+0178 (decimal 376)
   defining Unicode char U+0179 (decimal 377)
   defining Unicode char U+017A (decimal 378)
   defining Unicode char U+017B (decimal 379)
   defining Unicode char U+017C (decimal 380)
   defining Unicode char U+017D (decimal 381)
   defining Unicode char U+017E (decimal 382)
   defining Unicode char U+01CD (decimal 461)
   defining Unicode char U+01CE (decimal 462)
   defining Unicode char U+01CF (decimal 463)
   defining Unicode char U+01D0 (decimal 464)
   defining Unicode char U+01D1 (decimal 465)
   defining Unicode char U+01D2 (decimal 466)
   defining Unicode char U+01D3 (decimal 467)
   defining Unicode char U+01D4 (decimal 468)
   defining Unicode char U+01E2 (decimal 482)
   defining Unicode char U+01E3 (decimal 483)
   defining Unicode char U+01E6 (decimal 486)
   defining Unicode char U+01E7 (decimal 487)
   defining Unicode char U+01E8 (decimal 488)
   defining Unicode char U+01E9 (decimal 489)
   defining Unicode char U+01EA (decimal 490)
   defining Unicode char U+01EB (decimal 491)
   defining Unicode char U+01F0 (decimal 496)
   defining Unicode char U+01F4 (decimal 500)
   defining Unicode char U+01F5 (decimal 501)
   defining Unicode char U+0218 (decimal 536)
   defining Unicode char U+0219 (decimal 537)
   defining Unicode char U+021A (decimal 538)
   defining Unicode char U+021B (decimal 539)
   defining Unicode char U+01E02 (decimal 7682)
   defining Unicode char U+01E03 (decimal 7683)
   defining Unicode char U+200C (decimal 8204)
   defining Unicode char U+2013 (decimal 8211)
   defining Unicode char U+2014 (decimal 8212)
   defining Unicode char U+2018 (decimal 8216)
   defining Unicode char U+2019 (decimal 8217)
   defining Unicode char U+201A (decimal 8218)
   defining Unicode char U+201C (decimal 8220)
   defining Unicode char U+201D (decimal 8221)
   defining Unicode char U+201E (decimal 8222)
   defining Unicode char U+2030 (decimal 8240)
   defining Unicode char U+2031 (decimal 8241)
   defining Unicode char U+2039 (decimal 8249)
   defining Unicode char U+203A (decimal 8250)
   defining Unicode char U+2423 (decimal 9251)
)
Now handling font encoding OT1 ...
... processing UTF-8 mapping file for font encoding OT1

(/usr/share/texlive/texmf-dist/tex/latex/base/ot1enc.dfu
File: ot1enc.dfu 2015/12/03 v1.1r UTF-8 support for inputenc
   defining Unicode char U+00A0 (decimal 160)
   defining Unicode char U+00A1 (decimal 161)
   defining Unicode char U+00A3 (decimal 163)
   defining Unicode char U+00AD (decimal 173)
   defining Unicode char U+00B8 (decimal 184)
   defining Unicode char U+00BF (decimal 191)
   defining Unicode char U+00C5 (decimal 197)
   defining Unicode char U+00C6 (decimal 198)
   defining Unicode char U+00D8 (decimal 216)
   defining Unicode char U+00DF (decimal 223)
   defining Unicode char U+00E6 (decimal 230)
   defining Unicode char U+00EC (decimal 236)
   defining Unicode char U+00ED (decimal 237)
   defining Unicode char U+00EE (decimal 238)
   defining Unicode char U+00EF (decimal 239)
   defining Unicode char U+00F8 (decimal 248)
   defining Unicode char U+0131 (decimal 305)
   defining Unicode char U+0141 (decimal 321)
   defining Unicode char U+0142 (decimal 322)
   defining Unicode char U+0152 (decimal 338)
   defining Unicode char U+0153 (decimal 339)
   defining Unicode char U+0174 (decimal 372)
   defining Unicode char U+0175 (decimal 373)
   defining Unicode char U+0176 (decimal 374)
   defining Unicode char U+0177 (decimal 375)
   defining Unicode char U+0218 (decimal 536)
   defining Unicode char U+0219 (decimal 537)
   defining Unicode char U+021A (decimal 538)
   defining Unicode char U+021B (decimal 539)
   defining Unicode char U+2013 (decimal 8211)
   defining Unicode char U+2014 (decimal 8212)
   defining Unicode char U+2018 (decimal 8216)
   defining Unicode char U+2019 (decimal 8217)
   defining Unicode char U+201C (decimal 8220)
   defining Unicode char U+201D (decimal 8221)
)
Now handling font encoding OMS ...
... processing UTF-8 mapping file for font encoding OMS

(/usr/share/texlive/texmf-dist/tex/latex/base/omsenc.dfu
File: omsenc.dfu 2015/12/03 v1.1r UTF-8 support for inputenc
   defining Unicode char U+00A7 (decimal 167)
   defining Unicode char U+00B6 (decimal 182)
   defining Unicode char U+00B7 (decimal 183)
   defining Unicode char U+2020 (decimal 8224)
   defining Unicode char U+2021 (decimal 8225)
   defining Unicode char U+2022 (decimal 8226)
)
Now handling font encoding OMX ...
... no UTF-8 mapping file for font encoding OMX
Now handling font encoding U ...
... no UTF-8 mapping file for font encoding U
   defining Unicode char U+00A9 (decimal 169)
   defining Unicode char U+00AA (decimal 170)
   defining Unicode char U+00AE (decimal 174)
   defining Unicode char U+00BA (decimal 186)
   defining Unicode char U+02C6 (decimal 710)
   defining Unicode char U+02DC (decimal 732)
   defining Unicode char U+200C (decimal 8204)
   defining Unicode char U+2026 (decimal 8230)
   defining Unicode char U+2122 (decimal 8482)
   defining Unicode char U+2423 (decimal 9251)
))
(/usr/share/texlive/texmf-dist/tex/latex/microtype/microtype.sty
Package: microtype 2013/05/23 v2.5a Micro-typographical refinements (RS)
\MT@toks=\toks17
\MT@count=\count88
LaTeX Info: Redefining \textls on input line 766.
\MT@outer@kern=\dimen105
LaTeX Info: Redefining \textmicrotypecontext on input line 1285.
\MT@listname@count=\count89

(/usr/share/texlive/texmf-dist/tex/latex/microtype/microtype-pdftex.def
File: microtype-pdftex.def 2013/05/23 v2.5a Definitions specific to pdftex (RS)

LaTeX Info: Redefining \lsstyle on input line 915.
LaTeX Info: Redefining \lslig on input line 915.
\MT@outer@space=\skip43
)
Package microtype Info: Loading configuration file microtype.cfg.

(/usr/share/texlive/texmf-dist/tex/latex/microtype/microtype.cfg
File: microtype.cfg 2013/05/23 v2.5a microtype main configuration file (RS)
))
(/usr/share/texlive/texmf-dist/tex/generic/babel/babel.sty
Package: babel 2016/02/24 3.9q The Babel package

(/usr/share/texlive/texmf-dist/tex/generic/babel-english/english.ldf
Language: english 2012/08/20 v3.3p English support from the babel system

(/usr/share/texlive/texmf-dist/tex/generic/babel/babel.def
File: babel.def 2016/02/24 3.9q Babel common definitions
\babel@savecnt=\count90
\U@D=\dimen106
)
\l@british = a dialect from \language\l@english 
\l@UKenglish = a dialect from \language\l@english 
\l@canadian = a dialect from \language\l@american 
\l@australian = a dialect from \language\l@british 
\l@newzealand = a dialect from \language\l@british 
)

! Package babel Error: Unknown option `ngerman'. Either you misspelled it
(babel)                or the language definition file ngerman.ldf was not foun
d.

See the babel package documentation for explanation.
Type  H <return>  for immediate help.
 ...                                              
                                                  
l.310 \ProcessOptions*
                      
? 
) (/usr/share/texlive/texmf-dist/tex/latex/amscls/amsthm.sty
Package: amsthm 2015/03/04 v2.20.2
\thm@style=\toks18
\thm@bodyfont=\toks19
\thm@headfont=\toks20
\thm@notefont=\toks21
\thm@headpunct=\toks22
\thm@preskip=\skip44
\thm@postskip=\skip45
\thm@headsep=\skip46
\dth@everypar=\toks23
)
(/usr/share/texlive/texmf-dist/tex/latex/amsmath/amsmath.sty
Package: amsmath 2016/03/03 v2.15a AMS math features
\@mathmargin=\skip47

For additional information on amsmath, use the `?' option.
(/usr/share/texlive/texmf-dist/tex/latex/amsmath/amstext.sty
Package: amstext 2000/06/29 v2.01 AMS text

(/usr/share/texlive/texmf-dist/tex/latex/amsmath/amsgen.sty
File: amsgen.sty 1999/11/30 v2.0 generic functions
\@emptytoks=\toks24
\ex@=\dimen107
))
(/usr/share/texlive/texmf-dist/tex/latex/amsmath/amsbsy.sty
Package: amsbsy 1999/11/29 v1.2d Bold Symbols
\pmbraise@=\dimen108
)
(/usr/share/texlive/texmf-dist/tex/latex/amsmath/amsopn.sty
Package: amsopn 1999/12/14 v2.01 operator names
)
\inf@bad=\count91
LaTeX Info: Redefining \frac on input line 199.
\uproot@=\count92
\leftroot@=\count93
LaTeX Info: Redefining \overline on input line 297.
\classnum@=\count94
\DOTSCASE@=\count95
LaTeX Info: Redefining \ldots on input line 394.
LaTeX Info: Redefining \dots on input line 397.
LaTeX Info: Redefining \cdots on input line 518.
\Mathstrutbox@=\box26
\strutbox@=\box27
\big@size=\dimen109
LaTeX Font Info:    Redeclaring font encoding OML on input line 630.
LaTeX Font Info:    Redeclaring font encoding OMS on input line 631.
\macc@depth=\count96
\c@MaxMatrixCols=\count97
\dotsspace@=\muskip10
\c@parentequation=\count98
\dspbrk@lvl=\count99
\tag@help=\toks25
\row@=\count100
\column@=\count101
\maxfields@=\count102
\andhelp@=\toks26
\eqnshift@=\dimen110
\alignsep@=\dimen111
\tagshift@=\dimen112
\tagwidth@=\dimen113
\totwidth@=\dimen114
\lineht@=\dimen115
\@envbody=\toks27
\multlinegap=\skip48
\multlinetaggap=\skip49
\mathdisplay@stack=\toks28
LaTeX Info: Redefining \[ on input line 2735.
LaTeX Info: Redefining \] on input line 2736.
)
(/usr/share/texlive/texmf-dist/tex/latex/amsfonts/amssymb.sty
Package: amssymb 2013/01/14 v3.01 AMS font symbols

(/usr/share/texlive/texmf-dist/tex/latex/amsfonts/amsfonts.sty
Package: amsfonts 2013/01/14 v3.01 Basic AMSFonts support
\symAMSa=\mathgroup4
\symAMSb=\mathgroup5
LaTeX Font Info:    Overwriting math alphabet `\mathfrak' in version `bold'
(Font)                  U/euf/m/n --> U/euf/b/n on input line 106.
))
(/usr/share/texlive/texmf-dist/tex/latex/float/float.sty
Package: float 2001/11/08 v1.3d Float enhancements (AL)
\c@float@type=\count103
\float@exts=\toks29
\float@box=\box28
\@float@everytoks=\toks30
\@floatcapt=\box29
)
(/usr/share/texlive/texmf-dist/tex/latex/hyperref/hyperref.sty
Package: hyperref 2012/11/06 v6.83m Hypertext links for LaTeX

(/usr/share/texlive/texmf-dist/tex/generic/oberdiek/hobsub-hyperref.sty
Package: hobsub-hyperref 2012/05/28 v1.13 Bundle oberdiek, subset hyperref (HO)


(/usr/share/texlive/texmf-dist/tex/generic/oberdiek/hobsub-generic.sty
Package: hobsub-generic 2012/05/28 v1.13 Bundle oberdiek, subset generic (HO)
Package: hobsub 2012/05/28 v1.13 Construct package bundles (HO)
Package hobsub Info: Skipping package `infwarerr' (already loaded).
Package hobsub Info: Skipping package `ltxcmds' (already loaded).
Package: ifluatex 2010/03/01 v1.3 Provides the ifluatex switch (HO)
Package ifluatex Info: LuaTeX not detected.
Package: ifvtex 2010/03/01 v1.5 Detect VTeX and its facilities (HO)
Package ifvtex Info: VTeX not detected.
Package: intcalc 2007/09/27 v1.1 Expandable calculations with integers (HO)
Package: ifpdf 2011/01/30 v2.3 Provides the ifpdf switch (HO)
Package ifpdf Info: pdfTeX in PDF mode is detected.
Package: etexcmds 2011/02/16 v1.5 Avoid name clashes with e-TeX commands (HO)
Package etexcmds Info: Could not find \expanded.
(etexcmds)             That can mean that you are not using pdfTeX 1.50 or
(etexcmds)             that some package has redefined \expanded.
(etexcmds)             In the latter case, load this package earlier.
Package: kvsetkeys 2012/04/25 v1.16 Key value parser (HO)
Package: kvdefinekeys 2011/04/07 v1.3 Define keys (HO)
Package: pdftexcmds 2011/11/29 v0.20 Utility functions of pdfTeX for LuaTeX (HO
)
Package pdftexcmds Info: LuaTeX not detected.
Package pdftexcmds Info: \pdf@primitive is available.
Package pdftexcmds Info: \pdf@ifprimitive is available.
Package pdftexcmds Info: \pdfdraftmode found.
Package: pdfescape 2011/11/25 v1.13 Implements pdfTeX's escape features (HO)
Package: bigintcalc 2012/04/08 v1.3 Expandable calculations on big integers (HO
)
Package: bitset 2011/01/30 v1.1 Handle bit-vector datatype (HO)
Package: uniquecounter 2011/01/30 v1.2 Provide unlimited unique counter (HO)
)
Package hobsub Info: Skipping package `hobsub' (already loaded).
Package: letltxmacro 2010/09/02 v1.4 Let assignment for LaTeX macros (HO)
Package: hopatch 2012/05/28 v1.2 Wrapper for package hooks (HO)
Package: xcolor-patch 2011/01/30 xcolor patch
Package: atveryend 2011/06/30 v1.8 Hooks at the very end of document (HO)
Package atveryend Info: \enddocument detected (standard20110627).
Package: atbegshi 2011/10/05 v1.16 At begin shipout hook (HO)
Package: refcount 2011/10/16 v3.4 Data extraction from label references (HO)
Package: hycolor 2011/01/30 v1.7 Color options for hyperref/bookmark (HO)
)
(/usr/share/texlive/texmf-dist/tex/generic/ifxetex/ifxetex.sty
Package: ifxetex 2010/09/12 v0.6 Provides ifxetex conditional
)
(/usr/share/texlive/texmf-dist/tex/latex/oberdiek/auxhook.sty
Package: auxhook 2011/03/04 v1.3 Hooks for auxiliary files (HO)
)
(/usr/share/texlive/texmf-dist/tex/latex/oberdiek/kvoptions.sty
Package: kvoptions 2011/06/30 v3.11 Key value format for package options (HO)
)
\@linkdim=\dimen116
\Hy@linkcounter=\count104
\Hy@pagecounter=\count105

(/usr/share/texlive/texmf-dist/tex/latex/hyperref/pd1enc.def
File: pd1enc.def 2012/11/06 v6.83m Hyperref: PDFDocEncoding definition (HO)
Now handling font encoding PD1 ...
... no UTF-8 mapping file for font encoding PD1
)
\Hy@SavedSpaceFactor=\count106

(/usr/share/texlive/texmf-dist/tex/latex/latexconfig/hyperref.cfg
File: hyperref.cfg 2002/06/06 v1.2 hyperref configuration of TeXLive
)
Package hyperref Info: Option `final' set `true' on input line 4319.
Package hyperref Info: Option `colorlinks' set `true' on input line 4319.
Package hyperref Info: Hyper figures OFF on input line 4443.
Package hyperref Info: Link nesting OFF on input line 4448.
Package hyperref Info: Hyper index ON on input line 4451.
Package hyperref Info: Plain pages OFF on input line 4458.
Package hyperref Info: Backreferencing OFF on input line 4463.
Package hyperref Info: Implicit mode ON; LaTeX internals redefined.
Package hyperref Info: Bookmarks ON on input line 4688.
\c@Hy@tempcnt=\count107

(/usr/share/texlive/texmf-dist/tex/latex/url/url.sty
\Urlmuskip=\muskip11
Package: url 2013/09/16  ver 3.4  Verb mode for urls, etc.
)
LaTeX Info: Redefining \url on input line 5041.
\XeTeXLinkMargin=\dimen117
\Fld@menulength=\count108
\Field@Width=\dimen118
\Fld@charsize=\dimen119
Package hyperref Info: Hyper figures OFF on input line 6295.
Package hyperref Info: Link nesting OFF on input line 6300.
Package hyperref Info: Hyper index ON on input line 6303.
Package hyperref Info: backreferencing OFF on input line 6310.
Package hyperref Info: Link coloring ON on input line 6313.
Package hyperref Info: Link coloring with OCG OFF on input line 6320.
Package hyperref Info: PDF/A mode OFF on input line 6325.
LaTeX Info: Redefining \ref on input line 6365.
LaTeX Info: Redefining \pageref on input line 6369.
\Hy@abspage=\count109
\c@Item=\count110
\c@Hfootnote=\count111
)

Package hyperref Message: Driver (autodetected): hpdftex.

(/usr/share/texlive/texmf-dist/tex/latex/hyperref/hpdftex.def
File: hpdftex.def 2012/11/06 v6.83m Hyperref driver for pdfTeX
\Fld@listcount=\count112
\c@bookmark@seq@number=\count113

(/usr/share/texlive/texmf-dist/tex/latex/oberdiek/rerunfilecheck.sty
Package: rerunfilecheck 2011/04/15 v1.7 Rerun checks for auxiliary files (HO)
Package uniquecounter Info: New unique counter `rerunfilecheck' on input line 2
82.
)
\Hy@SectionHShift=\skip50
)
(/usr/share/texlive/texmf-dist/tex/latex/tools/multicol.sty
Package: multicol 2015/08/19 v1.8n multicolumn formatting (FMi)
\c@tracingmulticols=\count114
\mult@box=\box30
\multicol@leftmargin=\dimen120
\c@unbalance=\count115
\c@collectmore=\count116
\doublecol@number=\count117
\multicoltolerance=\count118
\multicolpretolerance=\count119
\full@width=\dimen121
\page@free=\dimen122
\premulticols=\dimen123
\postmulticols=\dimen124
\multicolsep=\skip51
\multicolbaselineskip=\skip52
\partial@page=\box31
\last@line=\box32
\maxbalancingoverflow=\dimen125
\mult@rightbox=\box33
\mult@grightbox=\box34
\mult@gfirstbox=\box35
\mult@firstbox=\box36
\@tempa=\box37
\@tempa=\box38
\@tempa=\box39
\@tempa=\box40
\@tempa=\box41
\@tempa=\box42
\@tempa=\box43
\@tempa=\box44
\@tempa=\box45
\@tempa=\box46
\@tempa=\box47
\@tempa=\box48
\@tempa=\box49
\@tempa=\box50
\@tempa=\box51
\@tempa=\box52
\@tempa=\box53
\c@columnbadness=\count120
\c@finalcolumnbadness=\count121
\last@try=\dimen126
\multicolovershoot=\dimen127
\multicolundershoot=\dimen128
\mult@nat@firstbox=\box54
\colbreak@box=\box55
\mc@col@check@num=\count122
)
(/usr/share/texlive/texmf-dist/tex/latex/xcolor/xcolor.sty
Package: xcolor 2007/01/21 v2.11 LaTeX color extensions (UK)

(/usr/share/texlive/texmf-dist/tex/latex/latexconfig/color.cfg
File: color.cfg 2007/01/18 v1.5 color configuration of teTeX/TeXLive
)
Package xcolor Info: Driver file: pdftex.def on input line 225.
Package xcolor Info: Model `cmy' substituted by `cmy0' on input line 1337.
Package xcolor Info: Model `hsb' substituted by `rgb' on input line 1341.
Package xcolor Info: Model `RGB' extended on input line 1353.
Package xcolor Info: Model `HTML' substituted by `rgb' on input line 1355.
Package xcolor Info: Model `Hsb' substituted by `hsb' on input line 1356.
Package xcolor Info: Model `tHsb' substituted by `hsb' on input line 1357.
Package xcolor Info: Model `HSB' substituted by `hsb' on input line 1358.
Package xcolor Info: Model `Gray' substituted by `gray' on input line 1359.
Package xcolor Info: Model `wave' substituted by `hsb' on input line 1360.
)
(/usr/share/texlive/texmf-dist/tex/latex/marvosym/marvosym.sty
Package: marvosym 2011/07/20 v2.2 Martin Vogel's Symbols font definitions
)
(/usr/share/texlive/texmf-dist/tex/latex/wasysym/wasysym.sty
Package: wasysym 2003/10/30 v2.0 Wasy-2 symbol support package
\symwasy=\mathgroup6
LaTeX Font Info:    Overwriting symbol font `wasy' in version `bold'
(Font)                  U/wasy/m/n --> U/wasy/b/n on input line 90.
)
(/usr/share/texlive/texmf-dist/tex/latex/rotating/rotating.sty
Package: rotating 2009/03/28 v2.16a rotated objects in LaTeX

(/usr/share/texlive/texmf-dist/tex/latex/base/ifthen.sty
Package: ifthen 2014/09/29 v1.1c Standard LaTeX ifthen package (DPC)
)
\c@r@tfl@t=\count123
\rotFPtop=\skip53
\rotFPbot=\skip54
\rot@float@box=\box56
\rot@mess@toks=\toks31
)

! LaTeX Error: File `censor.sty' not found.

Type X to quit or <RETURN> to proceed,
or enter new name. (Default extension: sty)

Enter file name: 
(/usr/share/texlive/texmf-dist/tex/latex/listings/listings.sty
\lst@mode=\count124
\lst@gtempboxa=\box57
\lst@token=\toks32
\lst@length=\count125
\lst@currlwidth=\dimen129
\lst@column=\count126
\lst@pos=\count127
\lst@lostspace=\dimen130
\lst@width=\dimen131
\lst@newlines=\count128
\lst@lineno=\count129
\lst@maxwidth=\dimen132

(/usr/share/texlive/texmf-dist/tex/latex/listings/lstmisc.sty
File: lstmisc.sty 2015/06/04 1.6 (Carsten Heinz)
\c@lstnumber=\count130
\lst@skipnumbers=\count131
\lst@framebox=\box58
)
(/usr/share/texlive/texmf-dist/tex/latex/listings/listings.cfg
File: listings.cfg 2015/06/04 1.6 listings configuration
))
Package: listings 2015/06/04 1.6 (Carsten Heinz)

(./style/lstlisting.sty
(/usr/share/texlive/texmf-dist/tex/latex/listings/lstlang1.sty
File: lstlang1.sty 2015/06/04 1.6 listings language file
))
(/usr/share/texlive/texmf-dist/tex/latex/pseudocode/pseudocode.sty
** 
** Document Style `pseudocode' - environment 
** by D.L. Kreher and D.R. Stinson 
** 
** The pseudocode environment was originally developed for the book
** Combinatorial Algorithms: Enumeration, Generation, and Search
** CRC Press, 1999. 
Package: pseudocode 
\pcode@width=\skip55
(/usr/share/texlive/texmf-dist/tex/latex/fancybox/fancybox.sty
Package: fancybox 2010/05/15 1.4

Style option: `fancybox' v1.4 <2010/05/15> (tvz)
\@fancybox=\box59
\shadowsize=\dimen133
\@Sbox=\box60
\do@VerbBox=\toks33
\the@fancyput=\toks34
\this@fancyput=\toks35
\EndVerbatimTokens=\toks36
\Verbatim@Outfile=\write3
\Verbatim@Infile=\read1
)
\c@pseudocode=\count132
\c@pseudonum=\count133
) (./style/avm.sty
\avmdimen=\dimen134
\avmboxone=\box61
\avmboxthree=\box62
)
(/usr/share/texlive/texmf-dist/tex/latex/booktabs/booktabs.sty
Package: booktabs 2005/04/14 v1.61803 publication quality tables
\heavyrulewidth=\dimen135
\lightrulewidth=\dimen136
\cmidrulewidth=\dimen137
\belowrulesep=\dimen138
\belowbottomsep=\dimen139
\aboverulesep=\dimen140
\abovetopsep=\dimen141
\cmidrulesep=\dimen142
\cmidrulekern=\dimen143
\defaultaddspace=\dimen144
\@cmidla=\count134
\@cmidlb=\count135
\@aboverulesep=\dimen145
\@belowrulesep=\dimen146
\@thisruleclass=\count136
\@lastruleclass=\count137
\@thisrulewidth=\dimen147
)
(/usr/share/texlive/texmf-dist/tex/latex/tikz-qtree/tikz-qtree.sty
(/usr/share/texlive/texmf-dist/tex/latex/pgf/frontendlayer/tikz.sty
(/usr/share/texlive/texmf-dist/tex/latex/pgf/basiclayer/pgf.sty
(/usr/share/texlive/texmf-dist/tex/latex/pgf/utilities/pgfrcs.sty
(/usr/share/texlive/texmf-dist/tex/generic/pgf/utilities/pgfutil-common.tex
\pgfutil@everybye=\toks37
\pgfutil@tempdima=\dimen148
\pgfutil@tempdimb=\dimen149

(/usr/share/texlive/texmf-dist/tex/generic/pgf/utilities/pgfutil-common-lists.t
ex)) (/usr/share/texlive/texmf-dist/tex/generic/pgf/utilities/pgfutil-latex.def
\pgfutil@abb=\box63
(/usr/share/texlive/texmf-dist/tex/latex/ms/everyshi.sty
Package: everyshi 2001/05/15 v3.00 EveryShipout Package (MS)
))
(/usr/share/texlive/texmf-dist/tex/generic/pgf/utilities/pgfrcs.code.tex
Package: pgfrcs 2015/08/07 v3.0.1a (rcs-revision 1.31)
))
Package: pgf 2015/08/07 v3.0.1a (rcs-revision 1.15)

(/usr/share/texlive/texmf-dist/tex/latex/pgf/basiclayer/pgfcore.sty
(/usr/share/texlive/texmf-dist/tex/latex/pgf/systemlayer/pgfsys.sty
(/usr/share/texlive/texmf-dist/tex/generic/pgf/systemlayer/pgfsys.code.tex
Package: pgfsys 2014/07/09 v3.0.1a (rcs-revision 1.48)

(/usr/share/texlive/texmf-dist/tex/generic/pgf/utilities/pgfkeys.code.tex
\pgfkeys@pathtoks=\toks38
\pgfkeys@temptoks=\toks39

(/usr/share/texlive/texmf-dist/tex/generic/pgf/utilities/pgfkeysfiltered.code.t
ex
\pgfkeys@tmptoks=\toks40
))
\pgf@x=\dimen150
\pgf@y=\dimen151
\pgf@xa=\dimen152
\pgf@ya=\dimen153
\pgf@xb=\dimen154
\pgf@yb=\dimen155
\pgf@xc=\dimen156
\pgf@yc=\dimen157
\w@pgf@writea=\write4
\r@pgf@reada=\read2
\c@pgf@counta=\count138
\c@pgf@countb=\count139
\c@pgf@countc=\count140
\c@pgf@countd=\count141
\t@pgf@toka=\toks41
\t@pgf@tokb=\toks42
\t@pgf@tokc=\toks43
 (/usr/share/texlive/texmf-dist/tex/generic/pgf/systemlayer/pgf.cfg
File: pgf.cfg 2008/05/14  (rcs-revision 1.7)
)
Driver file for pgf: pgfsys-pdftex.def

(/usr/share/texlive/texmf-dist/tex/generic/pgf/systemlayer/pgfsys-pdftex.def
File: pgfsys-pdftex.def 2014/10/11  (rcs-revision 1.35)

(/usr/share/texlive/texmf-dist/tex/generic/pgf/systemlayer/pgfsys-common-pdf.de
f
File: pgfsys-common-pdf.def 2013/10/10  (rcs-revision 1.13)
)))
(/usr/share/texlive/texmf-dist/tex/generic/pgf/systemlayer/pgfsyssoftpath.code.
tex
File: pgfsyssoftpath.code.tex 2013/09/09  (rcs-revision 1.9)
\pgfsyssoftpath@smallbuffer@items=\count142
\pgfsyssoftpath@bigbuffer@items=\count143
)
(/usr/share/texlive/texmf-dist/tex/generic/pgf/systemlayer/pgfsysprotocol.code.
tex
File: pgfsysprotocol.code.tex 2006/10/16  (rcs-revision 1.4)
))
(/usr/share/texlive/texmf-dist/tex/generic/pgf/basiclayer/pgfcore.code.tex
Package: pgfcore 2010/04/11 v3.0.1a (rcs-revision 1.7)

(/usr/share/texlive/texmf-dist/tex/generic/pgf/math/pgfmath.code.tex
(/usr/share/texlive/texmf-dist/tex/generic/pgf/math/pgfmathcalc.code.tex
(/usr/share/texlive/texmf-dist/tex/generic/pgf/math/pgfmathutil.code.tex)
(/usr/share/texlive/texmf-dist/tex/generic/pgf/math/pgfmathparser.code.tex
\pgfmath@dimen=\dimen158
\pgfmath@count=\count144
\pgfmath@box=\box64
\pgfmath@toks=\toks44
\pgfmath@stack@operand=\toks45
\pgfmath@stack@operation=\toks46
)
(/usr/share/texlive/texmf-dist/tex/generic/pgf/math/pgfmathfunctions.code.tex
(/usr/share/texlive/texmf-dist/tex/generic/pgf/math/pgfmathfunctions.basic.code
.tex)
(/usr/share/texlive/texmf-dist/tex/generic/pgf/math/pgfmathfunctions.trigonomet
ric.code.tex)
(/usr/share/texlive/texmf-dist/tex/generic/pgf/math/pgfmathfunctions.random.cod
e.tex)
(/usr/share/texlive/texmf-dist/tex/generic/pgf/math/pgfmathfunctions.comparison
.code.tex)
(/usr/share/texlive/texmf-dist/tex/generic/pgf/math/pgfmathfunctions.base.code.
tex)
(/usr/share/texlive/texmf-dist/tex/generic/pgf/math/pgfmathfunctions.round.code
.tex)
(/usr/share/texlive/texmf-dist/tex/generic/pgf/math/pgfmathfunctions.misc.code.
tex)
(/usr/share/texlive/texmf-dist/tex/generic/pgf/math/pgfmathfunctions.integerari
thmetics.code.tex)))
(/usr/share/texlive/texmf-dist/tex/generic/pgf/math/pgfmathfloat.code.tex
\c@pgfmathroundto@lastzeros=\count145
))
(/usr/share/texlive/texmf-dist/tex/generic/pgf/basiclayer/pgfcorepoints.code.te
x
File: pgfcorepoints.code.tex 2013/10/07  (rcs-revision 1.27)
\pgf@picminx=\dimen159
\pgf@picmaxx=\dimen160
\pgf@picminy=\dimen161
\pgf@picmaxy=\dimen162
\pgf@pathminx=\dimen163
\pgf@pathmaxx=\dimen164
\pgf@pathminy=\dimen165
\pgf@pathmaxy=\dimen166
\pgf@xx=\dimen167
\pgf@xy=\dimen168
\pgf@yx=\dimen169
\pgf@yy=\dimen170
\pgf@zx=\dimen171
\pgf@zy=\dimen172
)
(/usr/share/texlive/texmf-dist/tex/generic/pgf/basiclayer/pgfcorepathconstruct.
code.tex
File: pgfcorepathconstruct.code.tex 2013/10/07  (rcs-revision 1.29)
\pgf@path@lastx=\dimen173
\pgf@path@lasty=\dimen174
)
(/usr/share/texlive/texmf-dist/tex/generic/pgf/basiclayer/pgfcorepathusage.code
.tex
File: pgfcorepathusage.code.tex 2014/11/02  (rcs-revision 1.24)
\pgf@shorten@end@additional=\dimen175
\pgf@shorten@start@additional=\dimen176
)
(/usr/share/texlive/texmf-dist/tex/generic/pgf/basiclayer/pgfcorescopes.code.te
x
File: pgfcorescopes.code.tex 2015/05/08  (rcs-revision 1.46)
\pgfpic=\box65
\pgf@hbox=\box66
\pgf@layerbox@main=\box67
\pgf@picture@serial@count=\count146
)
(/usr/share/texlive/texmf-dist/tex/generic/pgf/basiclayer/pgfcoregraphicstate.c
ode.tex
File: pgfcoregraphicstate.code.tex 2014/11/02  (rcs-revision 1.12)
\pgflinewidth=\dimen177
)
(/usr/share/texlive/texmf-dist/tex/generic/pgf/basiclayer/pgfcoretransformation
s.code.tex
File: pgfcoretransformations.code.tex 2015/08/07  (rcs-revision 1.20)
\pgf@pt@x=\dimen178
\pgf@pt@y=\dimen179
\pgf@pt@temp=\dimen180
)
(/usr/share/texlive/texmf-dist/tex/generic/pgf/basiclayer/pgfcorequick.code.tex
File: pgfcorequick.code.tex 2008/10/09  (rcs-revision 1.3)
)
(/usr/share/texlive/texmf-dist/tex/generic/pgf/basiclayer/pgfcoreobjects.code.t
ex
File: pgfcoreobjects.code.tex 2006/10/11  (rcs-revision 1.2)
)
(/usr/share/texlive/texmf-dist/tex/generic/pgf/basiclayer/pgfcorepathprocessing
.code.tex
File: pgfcorepathprocessing.code.tex 2013/09/09  (rcs-revision 1.9)
)
(/usr/share/texlive/texmf-dist/tex/generic/pgf/basiclayer/pgfcorearrows.code.te
x
File: pgfcorearrows.code.tex 2015/05/14  (rcs-revision 1.43)
\pgfarrowsep=\dimen181
)
(/usr/share/texlive/texmf-dist/tex/generic/pgf/basiclayer/pgfcoreshade.code.tex
File: pgfcoreshade.code.tex 2013/07/15  (rcs-revision 1.15)
\pgf@max=\dimen182
\pgf@sys@shading@range@num=\count147
)
(/usr/share/texlive/texmf-dist/tex/generic/pgf/basiclayer/pgfcoreimage.code.tex
File: pgfcoreimage.code.tex 2013/07/15  (rcs-revision 1.18)

(/usr/share/texlive/texmf-dist/tex/generic/pgf/basiclayer/pgfcoreexternal.code.
tex
File: pgfcoreexternal.code.tex 2014/07/09  (rcs-revision 1.21)
\pgfexternal@startupbox=\box68
))
(/usr/share/texlive/texmf-dist/tex/generic/pgf/basiclayer/pgfcorelayers.code.te
x
File: pgfcorelayers.code.tex 2013/07/18  (rcs-revision 1.7)
)
(/usr/share/texlive/texmf-dist/tex/generic/pgf/basiclayer/pgfcoretransparency.c
ode.tex
File: pgfcoretransparency.code.tex 2013/09/30  (rcs-revision 1.5)
)
(/usr/share/texlive/texmf-dist/tex/generic/pgf/basiclayer/pgfcorepatterns.code.
tex
File: pgfcorepatterns.code.tex 2013/11/07  (rcs-revision 1.5)
)))
(/usr/share/texlive/texmf-dist/tex/generic/pgf/modules/pgfmoduleshapes.code.tex
File: pgfmoduleshapes.code.tex 2014/03/21  (rcs-revision 1.35)
\pgfnodeparttextbox=\box69
) (/usr/share/texlive/texmf-dist/tex/generic/pgf/modules/pgfmoduleplot.code.tex
File: pgfmoduleplot.code.tex 2015/08/03  (rcs-revision 1.13)
)
(/usr/share/texlive/texmf-dist/tex/latex/pgf/compatibility/pgfcomp-version-0-65
.sty
Package: pgfcomp-version-0-65 2007/07/03 v3.0.1a (rcs-revision 1.7)
\pgf@nodesepstart=\dimen183
\pgf@nodesepend=\dimen184
)
(/usr/share/texlive/texmf-dist/tex/latex/pgf/compatibility/pgfcomp-version-1-18
.sty
Package: pgfcomp-version-1-18 2007/07/23 v3.0.1a (rcs-revision 1.1)
)) (/usr/share/texlive/texmf-dist/tex/latex/pgf/utilities/pgffor.sty
(/usr/share/texlive/texmf-dist/tex/latex/pgf/utilities/pgfkeys.sty
(/usr/share/texlive/texmf-dist/tex/generic/pgf/utilities/pgfkeys.code.tex))
(/usr/share/texlive/texmf-dist/tex/latex/pgf/math/pgfmath.sty
(/usr/share/texlive/texmf-dist/tex/generic/pgf/math/pgfmath.code.tex))
(/usr/share/texlive/texmf-dist/tex/generic/pgf/utilities/pgffor.code.tex
Package: pgffor 2013/12/13 v3.0.1a (rcs-revision 1.25)

(/usr/share/texlive/texmf-dist/tex/generic/pgf/math/pgfmath.code.tex)
\pgffor@iter=\dimen185
\pgffor@skip=\dimen186
\pgffor@stack=\toks47
\pgffor@toks=\toks48
))
(/usr/share/texlive/texmf-dist/tex/generic/pgf/frontendlayer/tikz/tikz.code.tex
Package: tikz 2015/08/07 v3.0.1a (rcs-revision 1.151)

(/usr/share/texlive/texmf-dist/tex/generic/pgf/libraries/pgflibraryplothandlers
.code.tex
File: pgflibraryplothandlers.code.tex 2013/08/31 v3.0.1a (rcs-revision 1.20)
\pgf@plot@mark@count=\count148
\pgfplotmarksize=\dimen187
)
\tikz@lastx=\dimen188
\tikz@lasty=\dimen189
\tikz@lastxsaved=\dimen190
\tikz@lastysaved=\dimen191
\tikzleveldistance=\dimen192
\tikzsiblingdistance=\dimen193
\tikz@figbox=\box70
\tikz@figbox@bg=\box71
\tikz@tempbox=\box72
\tikz@tempbox@bg=\box73
\tikztreelevel=\count149
\tikznumberofchildren=\count150
\tikznumberofcurrentchild=\count151
\tikz@fig@count=\count152

(/usr/share/texlive/texmf-dist/tex/generic/pgf/modules/pgfmodulematrix.code.tex
File: pgfmodulematrix.code.tex 2013/09/17  (rcs-revision 1.8)
\pgfmatrixcurrentrow=\count153
\pgfmatrixcurrentcolumn=\count154
\pgf@matrix@numberofcolumns=\count155
)
\tikz@expandcount=\count156

(/usr/share/texlive/texmf-dist/tex/generic/pgf/frontendlayer/tikz/libraries/tik
zlibrarytopaths.code.tex
File: tikzlibrarytopaths.code.tex 2008/06/17 v3.0.1a (rcs-revision 1.2)
)))
(/usr/share/texlive/texmf-dist/tex/latex/tikz-qtree/pgftree.sty
(/usr/share/texlive/texmf-dist/tex/latex/tikz-qtree/pgfsubpic.sty
(/usr/share/texlive/texmf-dist/tex/latex/tikz-qtree/pgfsubpic.tex
\pgf@subpicminx=\dimen194
\pgf@subpicminy=\dimen195
\pgf@subpicmaxx=\dimen196
\pgf@subpicmaxy=\dimen197
))
(/usr/share/texlive/texmf-dist/tex/latex/tikz-qtree/pgftree.tex
\levelsep=\dimen198
\subtreesep=\dimen199
\smuggle@levelsep=\dimen256
\smuggle@subtreesep=\dimen257
\this@levelsep=\dimen258
\this@subtreesep=\dimen259
\pgftree@childx=\dimen260
\pgftree@savechildx=\dimen261
\pgftree@childy=\dimen262
\pgftree@savechildy=\dimen263
\pgftree@childi=\count157
\pgftree@savechildi=\count158
\pgftree@level=\count159
\pgftree@depth=\dimen264
\pgf@subpic@hbox@children=\box74
\pgf@subpic@minx@children=\dimen265
\pgf@subpic@miny@children=\dimen266
\pgf@subpic@maxx@children=\dimen267
\pgf@subpic@maxy@children=\dimen268
\pgftree@lastchildx=\dimen269
\pgftree@lastchildy=\dimen270
))
(/usr/share/texlive/texmf-dist/tex/latex/tikz-qtree/tikz-qtree.tex
\@result=\toks49
\child@list=\toks50
\root@node=\toks51
))
(./style/btree.sty
Package: style/btree 

Document Style `weiw_BTree - Support drawing B+-Tree (ver 0.999)

(/usr/share/texlive/texmf-dist/tex/generic/pgf/frontendlayer/tikz/libraries/tik
zlibraryarrows.code.tex
File: tikzlibraryarrows.code.tex 2008/01/09 v3.0.1a (rcs-revision 1.1)

(/usr/share/texlive/texmf-dist/tex/generic/pgf/libraries/pgflibraryarrows.code.
tex
File: pgflibraryarrows.code.tex 2013/09/23 v3.0.1a (rcs-revision 1.16)
\arrowsize=\dimen271
))
(/usr/share/texlive/texmf-dist/tex/generic/pgf/frontendlayer/tikz/libraries/tik
zlibraryshapes.code.tex
File: tikzlibraryshapes.code.tex 2008/01/09 v3.0.1a (rcs-revision 1.1)

(/usr/share/texlive/texmf-dist/tex/generic/pgf/frontendlayer/tikz/libraries/tik
zlibraryshapes.geometric.code.tex
File: tikzlibraryshapes.geometric.code.tex 2008/01/09 v3.0.1a (rcs-revision 1.1
)

(/usr/share/texlive/texmf-dist/tex/generic/pgf/libraries/shapes/pgflibraryshape
s.geometric.code.tex
File: pgflibraryshapes.geometric.code.tex 2008/06/26 v3.0.1a (rcs-revision 1.1)

))
(/usr/share/texlive/texmf-dist/tex/generic/pgf/frontendlayer/tikz/libraries/tik
zlibraryshapes.misc.code.tex
File: tikzlibraryshapes.misc.code.tex 2008/01/09 v3.0.1a (rcs-revision 1.1)

(/usr/share/texlive/texmf-dist/tex/generic/pgf/libraries/shapes/pgflibraryshape
s.misc.code.tex
File: pgflibraryshapes.misc.code.tex 2013/07/18 v3.0.1a (rcs-revision 1.5)
))
(/usr/share/texlive/texmf-dist/tex/generic/pgf/frontendlayer/tikz/libraries/tik
zlibraryshapes.symbols.code.tex
File: tikzlibraryshapes.symbols.code.tex 2008/01/09 v3.0.1a (rcs-revision 1.1)

(/usr/share/texlive/texmf-dist/tex/generic/pgf/libraries/shapes/pgflibraryshape
s.symbols.code.tex
File: pgflibraryshapes.symbols.code.tex 2013/09/11 v3.0.1a (rcs-revision 1.6)
))
(/usr/share/texlive/texmf-dist/tex/generic/pgf/frontendlayer/tikz/libraries/tik
zlibraryshapes.arrows.code.tex
File: tikzlibraryshapes.arrows.code.tex 2008/01/09 v3.0.1a (rcs-revision 1.1)

(/usr/share/texlive/texmf-dist/tex/generic/pgf/libraries/shapes/pgflibraryshape
s.arrows.code.tex
File: pgflibraryshapes.arrows.code.tex 2008/06/26 v3.0.1a (rcs-revision 1.1)
))
(/usr/share/texlive/texmf-dist/tex/generic/pgf/frontendlayer/tikz/libraries/tik
zlibraryshapes.callouts.code.tex
(/usr/share/texlive/texmf-dist/tex/generic/pgf/libraries/shapes/pgflibraryshape
s.callouts.code.tex))
(/usr/share/texlive/texmf-dist/tex/generic/pgf/frontendlayer/tikz/libraries/tik
zlibraryshapes.multipart.code.tex
File: tikzlibraryshapes.multipart.code.tex 2008/01/09 v3.0.1a (rcs-revision 1.1
)

(/usr/share/texlive/texmf-dist/tex/generic/pgf/libraries/shapes/pgflibraryshape
s.multipart.code.tex
File: pgflibraryshapes.multipart.code.tex 2010/01/07 v3.0.1a (rcs-revision 1.2)

\pgfnodepartlowerbox=\box75
\pgfnodeparttwobox=\box76
\pgfnodepartthreebox=\box77
\pgfnodepartfourbox=\box78
\pgfnodeparttwentybox=\box79
\pgfnodepartnineteenbox=\box80
\pgfnodeparteighteenbox=\box81
\pgfnodepartseventeenbox=\box82
\pgfnodepartsixteenbox=\box83
\pgfnodepartfifteenbox=\box84
\pgfnodepartfourteenbox=\box85
\pgfnodepartthirteenbox=\box86
\pgfnodeparttwelvebox=\box87
\pgfnodepartelevenbox=\box88
\pgfnodeparttenbox=\box89
\pgfnodepartninebox=\box90
\pgfnodeparteightbox=\box91
\pgfnodepartsevenbox=\box92
\pgfnodepartsixbox=\box93
\pgfnodepartfivebox=\box94
)))
(/usr/share/texlive/texmf-dist/tex/generic/pgf/frontendlayer/tikz/libraries/tik
zlibrarydecorations.code.tex
(/usr/share/texlive/texmf-dist/tex/generic/pgf/modules/pgfmoduledecorations.cod
e.tex
\pgfdecoratedcompleteddistance=\dimen272
\pgfdecoratedremainingdistance=\dimen273
\pgfdecoratedinputsegmentcompleteddistance=\dimen274
\pgfdecoratedinputsegmentremainingdistance=\dimen275
\pgf@decorate@distancetomove=\dimen276
\pgf@decorate@repeatstate=\count160
\pgfdecorationsegmentamplitude=\dimen277
\pgfdecorationsegmentlength=\dimen278
)
\tikz@lib@dec@box=\box95
)
(/usr/share/texlive/texmf-dist/tex/generic/pgf/frontendlayer/tikz/libraries/tik
zlibrarymatrix.code.tex
File: tikzlibrarymatrix.code.tex 2013/07/12 v3.0.1a (rcs-revision 1.4)
))

! LaTeX Error: File `biblatex.sty' not found.

Type X to quit or <RETURN> to proceed,
or enter new name. (Default extension: sty)

Enter file name: 

! LaTeX Error: Unknown option `backend=biber' for package `biblatex'.

See the LaTeX manual or LaTeX Companion for explanation.
Type  H <return>  for immediate help.
 ...                                              
                                                  
l.37 \addbibresource
                    {ecl.bib}
? 

! LaTeX Error: Unknown option `style=numeric' for package `biblatex'.

See the LaTeX manual or LaTeX Companion for explanation.
Type  H <return>  for immediate help.
 ...                                              
                                                  
l.37 \addbibresource
                    {ecl.bib}
? 

! LaTeX Error: Unknown option `sorting=nyt' for package `biblatex'.

See the LaTeX manual or LaTeX Companion for explanation.
Type  H <return>  for immediate help.
 ...                                              
                                                  
l.37 \addbibresource
                    {ecl.bib}
? 
! Undefined control sequence.
<recently read> \addbibresource 
                                
l.37 \addbibresource
                    {ecl.bib}
? 

! LaTeX Error: Missing \begin{document}.

See the LaTeX manual or LaTeX Companion for explanation.
Type  H <return>  for immediate help.
 ...                                              
                                                  
l.37 \addbibresource{e
                      cl.bib}
? 

! LaTeX Error: File `csquotes.sty' not found.

Type X to quit or <RETURN> to proceed,
or enter new name. (Default extension: sty)

Enter file name: 

! LaTeX Error: File `datetime.sty' not found.

Type X to quit or <RETURN> to proceed,
or enter new name. (Default extension: sty)

Enter file name: 

! LaTeX Error: Unknown option `yyyymmdd' for package `datetime'.

See the LaTeX manual or LaTeX Companion for explanation.
Type  H <return>  for immediate help.
 ...                                              
                                                  
l.40 \renewcommand
                  {\dateseparator}{-} % Sets dateseparator to '-'
? 

! LaTeX Error: \dateseparator undefined.

See the LaTeX manual or LaTeX Companion for explanation.
Type  H <return>  for immediate help.
 ...                                              
                                                  
l.40 \renewcommand{\dateseparator}
                                  {-} % Sets dateseparator to '-'
? 
(/usr/share/texlive/texmf-dist/tex/latex/fancyhdr/fancyhdr.sty
\fancy@headwidth=\skip56
\f@ncyO@elh=\skip57
\f@ncyO@erh=\skip58
\f@ncyO@olh=\skip59
\f@ncyO@orh=\skip60
\f@ncyO@elf=\skip61
\f@ncyO@erf=\skip62
\f@ncyO@olf=\skip63
\f@ncyO@orf=\skip64
))
(/usr/share/texlive/texmf-dist/tex/latex/caption/subcaption.sty
Package: subcaption 2016/02/20 v1.1-142 Sub-captions (AR)

(/usr/share/texlive/texmf-dist/tex/latex/caption/caption.sty
Package: caption 2016/02/21 v3.3-144 Customizing captions (AR)

(/usr/share/texlive/texmf-dist/tex/latex/caption/caption3.sty
Package: caption3 2016/02/04 v1.7-139 caption3 kernel (AR)
Package caption3 Info: TeX engine: e-TeX on input line 67.
\captionmargin=\dimen279
\captionmargin@=\dimen280
\captionwidth=\dimen281
\caption@tempdima=\dimen282
\caption@indent=\dimen283
\caption@parindent=\dimen284
\caption@hangindent=\dimen285
)
\c@ContinuedFloat=\count161
Package caption Info: float package is loaded.
Package caption Info: hyperref package is loaded.
Package caption Info: listings package is loaded.
Package caption Info: rotating package is loaded.
)
\c@subfigure=\count162
\c@subtable=\count163
)
(/usr/share/texlive/texmf-dist/tex/latex/base/fontenc.sty
Package: fontenc 2005/09/27 v1.99g Standard LaTeX package

(/usr/share/texlive/texmf-dist/tex/latex/base/t1enc.def
File: t1enc.def 2005/09/27 v1.99g Standard LaTeX file
LaTeX Font Info:    Redeclaring font encoding T1 on input line 48.
))
(/usr/share/texmf/tex/latex/lm/lmodern.sty
Package: lmodern 2009/10/30 v1.6 Latin Modern Fonts
LaTeX Font Info:    Overwriting symbol font `operators' in version `normal'
(Font)                  OT1/cmr/m/n --> OT1/lmr/m/n on input line 22.
LaTeX Font Info:    Overwriting symbol font `letters' in version `normal'
(Font)                  OML/cmm/m/it --> OML/lmm/m/it on input line 23.
LaTeX Font Info:    Overwriting symbol font `symbols' in version `normal'
(Font)                  OMS/cmsy/m/n --> OMS/lmsy/m/n on input line 24.
LaTeX Font Info:    Overwriting symbol font `largesymbols' in version `normal'
(Font)                  OMX/cmex/m/n --> OMX/lmex/m/n on input line 25.
LaTeX Font Info:    Overwriting symbol font `operators' in version `bold'
(Font)                  OT1/cmr/bx/n --> OT1/lmr/bx/n on input line 26.
LaTeX Font Info:    Overwriting symbol font `letters' in version `bold'
(Font)                  OML/cmm/b/it --> OML/lmm/b/it on input line 27.
LaTeX Font Info:    Overwriting symbol font `symbols' in version `bold'
(Font)                  OMS/cmsy/b/n --> OMS/lmsy/b/n on input line 28.
LaTeX Font Info:    Overwriting symbol font `largesymbols' in version `bold'
(Font)                  OMX/cmex/m/n --> OMX/lmex/m/n on input line 29.
LaTeX Font Info:    Overwriting math alphabet `\mathbf' in version `normal'
(Font)                  OT1/cmr/bx/n --> OT1/lmr/bx/n on input line 31.
LaTeX Font Info:    Overwriting math alphabet `\mathsf' in version `normal'
(Font)                  OT1/cmss/m/n --> OT1/lmss/m/n on input line 32.
LaTeX Font Info:    Overwriting math alphabet `\mathit' in version `normal'
(Font)                  OT1/cmr/m/it --> OT1/lmr/m/it on input line 33.
LaTeX Font Info:    Overwriting math alphabet `\mathtt' in version `normal'
(Font)                  OT1/cmtt/m/n --> OT1/lmtt/m/n on input line 34.
LaTeX Font Info:    Overwriting math alphabet `\mathbf' in version `bold'
(Font)                  OT1/cmr/bx/n --> OT1/lmr/bx/n on input line 35.
LaTeX Font Info:    Overwriting math alphabet `\mathsf' in version `bold'
(Font)                  OT1/cmss/bx/n --> OT1/lmss/bx/n on input line 36.
LaTeX Font Info:    Overwriting math alphabet `\mathit' in version `bold'
(Font)                  OT1/cmr/bx/it --> OT1/lmr/bx/it on input line 37.
LaTeX Font Info:    Overwriting math alphabet `\mathtt' in version `bold'
(Font)                  OT1/cmtt/m/n --> OT1/lmtt/m/n on input line 38.
)

! LaTeX Error: File `minted.sty' not found.

Type X to quit or <RETURN> to proceed,
or enter new name. (Default extension: sty)

Enter file name: 
(./main.aux)
\openout1 = `main.aux'.

LaTeX Font Info:    Checking defaults for OML/cmm/m/it on input line 12.
LaTeX Font Info:    ... okay on input line 12.
LaTeX Font Info:    Checking defaults for T1/cmr/m/n on input line 12.
LaTeX Font Info:    ... okay on input line 12.
LaTeX Font Info:    Checking defaults for OT1/cmr/m/n on input line 12.
LaTeX Font Info:    ... okay on input line 12.
LaTeX Font Info:    Checking defaults for OMS/cmsy/m/n on input line 12.
LaTeX Font Info:    ... okay on input line 12.
LaTeX Font Info:    Checking defaults for OMX/cmex/m/n on input line 12.
LaTeX Font Info:    ... okay on input line 12.
LaTeX Font Info:    Checking defaults for U/cmr/m/n on input line 12.
LaTeX Font Info:    ... okay on input line 12.
LaTeX Font Info:    Checking defaults for PD1/pdf/m/n on input line 12.
LaTeX Font Info:    ... okay on input line 12.
LaTeX Font Info:    Try loading font information for T1+lmr on input line 12.
 (/usr/share/texmf/tex/latex/lm/t1lmr.fd
File: t1lmr.fd 2009/10/30 v1.6 Font defs for Latin Modern
)
(/usr/share/texlive/texmf-dist/tex/context/base/supp-pdf.mkii
[Loading MPS to PDF converter (version 2006.09.02).]
\scratchcounter=\count164
\scratchdimen=\dimen286
\scratchbox=\box96
\nofMPsegments=\count165
\nofMParguments=\count166
\everyMPshowfont=\toks52
\MPscratchCnt=\count167
\MPscratchDim=\dimen287
\MPnumerator=\count168
\makeMPintoPDFobject=\count169
\everyMPtoPDFconversion=\toks53
) (/usr/share/texlive/texmf-dist/tex/latex/oberdiek/epstopdf-base.sty
Package: epstopdf-base 2010/02/09 v2.5 Base part for package epstopdf

(/usr/share/texlive/texmf-dist/tex/latex/oberdiek/grfext.sty
Package: grfext 2010/08/19 v1.1 Manage graphics extensions (HO)
)
Package grfext Info: Graphics extension search list:
(grfext)             [.png,.pdf,.jpg,.mps,.jpeg,.jbig2,.jb2,.PNG,.PDF,.JPG,.JPE
G,.JBIG2,.JB2,.eps]
(grfext)             \AppendGraphicsExtensions on input line 452.

(/usr/share/texlive/texmf-dist/tex/latex/latexconfig/epstopdf-sys.cfg
File: epstopdf-sys.cfg 2010/07/13 v1.3 Configuration of (r)epstopdf for TeX Liv
e
))

Package microtype Warning: Should you receive warnings about unknown slot
(microtype)                numbers, try upgrading the `csquotes' package.

LaTeX Info: Redefining \microtypecontext on input line 12.
Package microtype Info: Generating PDF output.
Package microtype Info: Character protrusion enabled (level 2).
Package microtype Info: Using default protrusion set `alltext'.
Package microtype Info: Automatic font expansion enabled (level 2),
(microtype)             stretch: 20, shrink: 20, step: 1, non-selected.
Package microtype Info: Using default expansion set `basictext'.
Package microtype Info: No adjustment of tracking.
Package microtype Info: No adjustment of interword spacing.
Package microtype Info: No adjustment of character kerning.
(/usr/share/texlive/texmf-dist/tex/latex/microtype/mt-cmr.cfg
File: mt-cmr.cfg 2013/05/19 v2.2 microtype config. file: Computer Modern Roman 
(RS)
)
\AtBeginShipoutBox=\box97
Package hyperref Info: Link coloring ON on input line 12.

(/usr/share/texlive/texmf-dist/tex/latex/hyperref/nameref.sty
Package: nameref 2012/10/27 v2.43 Cross-referencing by name of section

(/usr/share/texlive/texmf-dist/tex/generic/oberdiek/gettitlestring.sty
Package: gettitlestring 2010/12/03 v1.4 Cleanup title references (HO)
)
\c@section@level=\count170
)
LaTeX Info: Redefining \ref on input line 12.
LaTeX Info: Redefining \pageref on input line 12.
LaTeX Info: Redefining \nameref on input line 12.

(./main.out) (./main.out)
\@outlinefile=\write5
\openout5 = `main.out'.

\c@lstlisting=\count171
 ABD: EveryShipout initializing macros
Package caption Info: Begin \AtBeginDocument code.
Package caption Info: End \AtBeginDocument code.
LaTeX Font Info:    Try loading font information for OT1+lmr on input line 26.

(/usr/share/texmf/tex/latex/lm/ot1lmr.fd
File: ot1lmr.fd 2009/10/30 v1.6 Font defs for Latin Modern
)
LaTeX Font Info:    Try loading font information for OML+lmm on input line 26.

(/usr/share/texmf/tex/latex/lm/omllmm.fd
File: omllmm.fd 2009/10/30 v1.6 Font defs for Latin Modern
)
LaTeX Font Info:    Try loading font information for OMS+lmsy on input line 26.


(/usr/share/texmf/tex/latex/lm/omslmsy.fd
File: omslmsy.fd 2009/10/30 v1.6 Font defs for Latin Modern
)
LaTeX Font Info:    Try loading font information for OMX+lmex on input line 26.


(/usr/share/texmf/tex/latex/lm/omxlmex.fd
File: omxlmex.fd 2009/10/30 v1.6 Font defs for Latin Modern
)
LaTeX Font Info:    External font `lmex10' loaded for size
(Font)              <10> on input line 26.
LaTeX Font Info:    External font `lmex10' loaded for size
(Font)              <7> on input line 26.
LaTeX Font Info:    External font `lmex10' loaded for size
(Font)              <5> on input line 26.
LaTeX Font Info:    Try loading font information for U+msa on input line 26.

(/usr/share/texlive/texmf-dist/tex/latex/amsfonts/umsa.fd
File: umsa.fd 2013/01/14 v3.01 AMS symbols A
)
(/usr/share/texlive/texmf-dist/tex/latex/microtype/mt-msa.cfg
File: mt-msa.cfg 2006/02/04 v1.1 microtype config. file: AMS symbols (a) (RS)
)
LaTeX Font Info:    Try loading font information for U+msb on input line 26.

(/usr/share/texlive/texmf-dist/tex/latex/amsfonts/umsb.fd
File: umsb.fd 2013/01/14 v3.01 AMS symbols B
)
(/usr/share/texlive/texmf-dist/tex/latex/microtype/mt-msb.cfg
File: mt-msb.cfg 2005/06/01 v1.0 microtype config. file: AMS symbols (b) (RS)
)
LaTeX Font Info:    Try loading font information for U+wasy on input line 26.

(/usr/share/texlive/texmf-dist/tex/latex/wasysym/uwasy.fd
File: uwasy.fd 2003/10/30 v2.0 Wasy-2 symbol font definitions
)
<madelon_result.jpeg, id=27, 642.4pt x 473.77pt>
File: madelon_result.jpeg Graphic file (type jpg)
 <use madelon_result.jpeg>
Package pdftex.def Info: madelon_result.jpeg used on input line 61.
(pdftex.def)             Requested size: 141.91266pt x 104.65623pt.

<madelon.png, id=28, 462.528pt x 346.896pt>
File: madelon.png Graphic file (type png)
 <use madelon.png>
Package pdftex.def Info: madelon.png used on input line 66.
(pdftex.def)             Requested size: 141.91266pt x 106.43565pt.
 [1

{/var/lib/texmf/fonts/map/pdftex/updmap/pdftex.map} <./madelon_result.jpeg> <./
madelon.png>]
<wilt_result.jpeg, id=44, 642.4pt x 473.77pt>
File: wilt_result.jpeg Graphic file (type jpg)
 <use wilt_result.jpeg>
Package pdftex.def Info: wilt_result.jpeg used on input line 123.
(pdftex.def)             Requested size: 473.0374pt x 348.871pt.
 [2 <./wilt_result.jpeg>] <gisette_result.jpeg, id=52, 642.4pt x 473.77pt>
File: gisette_result.jpeg Graphic file (type jpg)

<use gisette_result.jpeg>
Package pdftex.def Info: gisette_result.jpeg used on input line 172.
(pdftex.def)             Requested size: 473.0374pt x 348.871pt.
 [3 <./gisette_result.jpeg>]

! LaTeX Error: Environment minted undefined.

See the LaTeX manual or LaTeX Companion for explanation.
Type  H <return>  for immediate help.
 ...                                              
                                                  
l.203 \begin{minted}
                    {c}
? 
! Missing $ inserted.
<inserted text> 
                $
l.205 ...n globals() if (var[:2], var[-2:]) != ("_
                                                  _", "__")]
? 
! Missing { inserted.
<to be read again> 
                   _
l.205 ... globals() if (var[:2], var[-2:]) != ("__
                                                  ", "__")]
? 
! Missing { inserted.
<to be read again> 
                   _
l.205 ...ls() if (var[:2], var[-2:]) != ("__", "__
                                                  ")]
? 
! Missing $ inserted.
<inserted text> 
                $
l.208 
      
? 
! Missing } inserted.
<inserted text> 
                }
l.208 
      
? 
! Missing } inserted.
<inserted text> 
                }
l.208 
      
? 
! Missing $ inserted.
<inserted text> 
                $
l.215 from sklearn.model_
                         selection import train_test_split
? 
! Missing $ inserted.
<inserted text> 
                $
l.219 
      
? 

Overfull \hbox (111.98099pt too wide) in paragraph at lines 211--219
\T1/lmr/m/n/10 (-20) sklearn.model$[]\OML/lmm/m/it/10 electionimporttrain[]est[
]plitfromsklearn:metricsimportaccuracy[]coreimportpandasaspdimportmatplotlib:py
plotasplt$ 
 []

! Missing $ inserted.
<inserted text> 
                $
l.220 def decision_
                   tree(X, Y, XTest, YTest, maxDepth):
? 
! You can't use `macro parameter character #' in math mode.
l.224         #
               fit model no training data
? 
! You can't use `macro parameter character #' in math mode.
l.225         #
               clf=tree.DecisionTreeClassifier(criterion='entropy',max_depth...

? 
! Missing $ inserted.
<inserted text> 
                $
l.240 
      
? 

Overfull \hbox (135.75613pt too wide) in paragraph at lines 220--240
\OML/lmm/m/it/10 np:zeros\OT1/lmr/m/n/10 (-20) (\OML/lmm/m/it/10 maxDepth:shape
\OT1/lmr/m/n/10 (-20) [0])\OML/lmm/m/it/10 foriinrange\OT1/lmr/m/n/10 (-20) (\O
ML/lmm/m/it/10 maxDepth:shape\OT1/lmr/m/n/10 (-20) [0]) : \OML/lmm/m/it/10 fitm
odelnotrainingdataclf \OT1/lmr/m/n/10 (-20) = \OML/lmm/m/it/10 tree:DecisionTre
eClassifier\OT1/lmr/m/n/10 (-20) (\OML/lmm/m/it/10 criterion \OT1/lmr/m/n/10 (-
20) =[]
 []


Overfull \hbox (22.55833pt too wide) in paragraph at lines 220--240
\OML/lmm/m/it/10 entropy[]; max[]epth \OT1/lmr/m/n/10 (-20) = \OML/lmm/m/it/10 
maxDepth\OT1/lmr/m/n/10 (-20) [\OML/lmm/m/it/10 i\OT1/lmr/m/n/10 (-20) ])\OML/l
mm/m/it/10 clf \OT1/lmr/m/n/10 (-20) = \OML/lmm/m/it/10 XGBClassifier\OT1/lmr/m
/n/10 (-20) (\OML/lmm/m/it/10 max[]epth \OT1/lmr/m/n/10 (-20) = \OML/lmm/m/it/1
0 maxDepth\OT1/lmr/m/n/10 (-20) [\OML/lmm/m/it/10 i\OT1/lmr/m/n/10 (-20) ])\OML
/lmm/m/it/10 clf:fit\OT1/lmr/m/n/10 (-20) (\OML/lmm/m/it/10 X; Y\OT1/lmr/m/n/10
 (-20) )\OML/lmm/m/it/10 print\OT1/lmr/m/n/10 (-20) (\OML/lmm/m/it/10 clf\OT1/l
mr/m/n/10 (-20) )\OML/lmm/m/it/10 y \OT1/lmr/m/n/10 (-20) =
 []


Overfull \hbox (100.67094pt too wide) in paragraph at lines 220--240
\OML/lmm/m/it/10 clf:predict\OT1/lmr/m/n/10 (-20) (\OML/lmm/m/it/10 X\OT1/lmr/m
/n/10 (-20) )\OML/lmm/m/it/10 yTest \OT1/lmr/m/n/10 (-20) = \OML/lmm/m/it/10 cl
f:predict\OT1/lmr/m/n/10 (-20) (\OML/lmm/m/it/10 XTest\OT1/lmr/m/n/10 (-20) )\O
ML/lmm/m/it/10 py \OT1/lmr/m/n/10 (-20) = [\OML/lmm/m/it/10 round\OT1/lmr/m/n/1
0 (-20) (\OML/lmm/m/it/10 value\OT1/lmr/m/n/10 (-20) )\OML/lmm/m/it/10 forvalue
iny\OT1/lmr/m/n/10 (-20) ]\OML/lmm/m/it/10 pyTest \OT1/lmr/m/n/10 (-20) = [\OML
/lmm/m/it/10 round\OT1/lmr/m/n/10 (-20) (\OML/lmm/m/it/10 value\OT1/lmr/m/n/10 
(-20) )\OML/lmm/m/it/10 forvalueinyTest\OT1/lmr/m/n/10 (-20) ]\OML/lmm/m/it/10 
rateTrain\OT1/lmr/m/n/10 (-20) [\OML/lmm/m/it/10 i\OT1/lmr/m/n/10 (-20) ] =
 []


Overfull \hbox (85.50601pt too wide) in paragraph at lines 220--240
\OT1/lmr/m/n/10 (-20) 1 \OMS/lmsy/m/n/10 ^^@ \OML/lmm/m/it/10 np:mean\OT1/lmr/m
/n/10 (-20) (\OML/lmm/m/it/10 py \OT1/lmr/m/n/10 (-20) == \OML/lmm/m/it/10 Y\OT
1/lmr/m/n/10 (-20) )\OML/lmm/m/it/10 rateTest\OT1/lmr/m/n/10 (-20) [\OML/lmm/m/
it/10 i\OT1/lmr/m/n/10 (-20) ] = 1 \OMS/lmsy/m/n/10 ^^@ \OML/lmm/m/it/10 np:mea
n\OT1/lmr/m/n/10 (-20) (\OML/lmm/m/it/10 pyTest \OT1/lmr/m/n/10 (-20) == \OML/l
mm/m/it/10 YTest\OT1/lmr/m/n/10 (-20) )\OML/lmm/m/it/10 accuracy \OT1/lmr/m/n/1
0 (-20) = \OML/lmm/m/it/10 accuracy[]core\OT1/lmr/m/n/10 (-20) (\OML/lmm/m/it/1
0 pyTest; YTest\OT1/lmr/m/n/10 (-20) )\OML/lmm/m/it/10 print\OT1/lmr/m/n/10 (-2
0) ("\OML/lmm/m/it/10 Accuracy \OT1/lmr/m/n/10 (-20) :
 []

! Missing $ inserted.
<inserted text> 
                $
l.241 def problem_
                  1a():
? 
! You can't use `macro parameter character #' in math mode.
l.242     #
           load data
? 
! Undefined control sequence.
l.243     dmd=np.loadtxt('E:\study
                                   material\FSU\Fall2018\ML\AML_Fall2018\Dat...

? 
! Undefined control sequence.
l.243     dmd=np.loadtxt('E:\study material\FSU
                                               \Fall2018\ML\AML_Fall2018\Dat...

? 
! Undefined control sequence.
l.243 ...md=np.loadtxt('E:\study material\FSU\Fall
                                                  2018\ML\AML_Fall2018\Data\...

? 
! Undefined control sequence.
l.243 ...oadtxt('E:\study material\FSU\Fall2018\ML
                                                  \AML_Fall2018\Data\MADELON...

? 
! Undefined control sequence.
l.243 ...xt('E:\study material\FSU\Fall2018\ML\AML
                                                  _Fall2018\Data\MADELON\mad...

? 
! Undefined control sequence.
l.243 ...aterial\FSU\Fall2018\ML\AML_Fall2018\Data
                                                  \MADELON\madelon_train.txt')
? 
! Undefined control sequence.
l.243 ...FSU\Fall2018\ML\AML_Fall2018\Data\MADELON
                                                  \madelon_train.txt')
? 
! Undefined control sequence.
l.243 ...2018\ML\AML_Fall2018\Data\MADELON\madelon
                                                  _train.txt')
? 
! Undefined control sequence.
l.244     dmdl=np.genfromtxt('E:\study
                                       material\FSU\Fall2018\ML\AML_Fall2018...

? 
! Undefined control sequence.
l.244 ...dmdl=np.genfromtxt('E:\study material\FSU
                                                  \Fall2018\ML\AML_Fall2018\...

? 
! Undefined control sequence.
l.244 ...np.genfromtxt('E:\study material\FSU\Fall
                                                  2018\ML\AML_Fall2018\Data\...

? 
! Undefined control sequence.
l.244 ...romtxt('E:\study material\FSU\Fall2018\ML
                                                  \AML_Fall2018\Data\MADELON...

? 
! Undefined control sequence.
l.244 ...xt('E:\study material\FSU\Fall2018\ML\AML
                                                  _Fall2018\Data\MADELON\mad...

? 
! Undefined control sequence.
l.244 ...aterial\FSU\Fall2018\ML\AML_Fall2018\Data
                                                  \MADELON\madelon_trainlabe...

? 
! Undefined control sequence.
l.244 ...FSU\Fall2018\ML\AML_Fall2018\Data\MADELON
                                                  \madelon_trainlabels.txt')
? 
! Undefined control sequence.
l.244 ...2018\ML\AML_Fall2018\Data\MADELON\madelon
                                                  _trainlabels.txt')
? 
! Undefined control sequence.
l.245     dmdv=np.loadtxt('E:\study
                                    material\FSU\Fall2018\ML\AML_Fall2018\Da...

? 
! Undefined control sequence.
l.245     dmdv=np.loadtxt('E:\study material\FSU
                                                \Fall2018\ML\AML_Fall2018\Da...

? 
! Undefined control sequence.
l.245 ...dv=np.loadtxt('E:\study material\FSU\Fall
                                                  2018\ML\AML_Fall2018\Data\...

? 
! Undefined control sequence.
l.245 ...oadtxt('E:\study material\FSU\Fall2018\ML
                                                  \AML_Fall2018\Data\MADELON...

? 
! Undefined control sequence.
l.245 ...xt('E:\study material\FSU\Fall2018\ML\AML
                                                  _Fall2018\Data\MADELON\mad...

? 
! Undefined control sequence.
l.245 ...aterial\FSU\Fall2018\ML\AML_Fall2018\Data
                                                  \MADELON\madelon_valid.txt')
? 
! Undefined control sequence.
l.245 ...FSU\Fall2018\ML\AML_Fall2018\Data\MADELON
                                                  \madelon_valid.txt')
? 
! Undefined control sequence.
l.245 ...2018\ML\AML_Fall2018\Data\MADELON\madelon
                                                  _valid.txt')
? 
! Undefined control sequence.
l.246     dmdlv=np.loadtxt('E:\study
                                     material\FSU\Fall2018\ML\AML_Fall2018\D...

? 
! Undefined control sequence.
l.246     dmdlv=np.loadtxt('E:\study material\FSU
                                                 \Fall2018\ML\AML_Fall2018\D...

? 
! Undefined control sequence.
l.246 ...lv=np.loadtxt('E:\study material\FSU\Fall
                                                  2018\ML\AML_Fall2018\Data\...

? 
! Undefined control sequence.
l.246 ...oadtxt('E:\study material\FSU\Fall2018\ML
                                                  \AML_Fall2018\Data\MADELON...

? 
! Undefined control sequence.
l.246 ...xt('E:\study material\FSU\Fall2018\ML\AML
                                                  _Fall2018\Data\MADELON\mad...

? 
! Undefined control sequence.
l.246 ...aterial\FSU\Fall2018\ML\AML_Fall2018\Data
                                                  \MADELON\madelon_validlabe...

? 
! Undefined control sequence.
l.246 ...FSU\Fall2018\ML\AML_Fall2018\Data\MADELON
                                                  \madelon_validlabels.txt')
? 
! Undefined control sequence.
l.246 ...2018\ML\AML_Fall2018\Data\MADELON\madelon
                                                  _validlabels.txt')
? 
! Missing $ inserted.
<inserted text> 
                $
l.247 
      
? 

Overfull \hbox (3.9798pt too wide) in paragraph at lines 241--247
[]\T1/lmr/m/n/10 (-20) def problem$[]\OML/lmm/m/it/10 a\OT1/lmr/m/n/10 (-20) ()
 : \OML/lmm/m/it/10 loaddatadmd \OT1/lmr/m/n/10 (-20) = \OML/lmm/m/it/10 np:loa
dtxt\OT1/lmr/m/n/10 (-20) ([]\OML/lmm/m/it/10 E \OT1/lmr/m/n/10 (-20) : \OML/lm
m/m/it/10 material\OT1/lmr/m/n/10 (-20) 2018[]\OML/lmm/m/it/10 all\OT1/lmr/m/n/
10 (-20) 2018[]\OML/lmm/m/it/10 rain:txt[]\OT1/lmr/m/n/10 (-20) )\OML/lmm/m/it/
10 dmdl \OT1/lmr/m/n/10 (-20) = \OML/lmm/m/it/10 np:genfromtxt\OT1/lmr/m/n/10 (
-20) ([]\OML/lmm/m/it/10 E \OT1/lmr/m/n/10 (-20) :
 []

! Missing $ inserted.
<inserted text> 
                $
l.249     train, test=decision_
                               tree(dmd, dmdl, dmdv, dmdlv, maxDepth)
? 
! Missing $ inserted.
<inserted text> 
                $
l.250 
      
? 
! Missing $ inserted.
<inserted text> 
                $
l.254     plt.plot(maxDepth, train, label='Error_
                                                 train')
? 
! Missing $ inserted.
<inserted text> 
                $
l.256 
      
? 

Overfull \hbox (97.32765pt too wide) in paragraph at lines 251--256
[]\T1/lmr/m/n/10 (-20) figureIndex=0 plt.figure(figureIndex) fig-ureIn-dex += 1
 plt.plot(maxDepth, train, label='Error$[]\OML/lmm/m/it/10 rain[]\OT1/lmr/m/n/1
0 (-20) )\OML/lmm/m/it/10 plt:plot\OT1/lmr/m/n/10 (-20) (\OML/lmm/m/it/10 maxDe
pth; test; label \OT1/lmr/m/n/10 (-20) =[]
 []

! Missing $ inserted.
<inserted text> 
                $
l.263 def problem_
                  1b():
? 
! Undefined control sequence.
l.264     X=np.genfromtxt('E:\study
                                    material\FSU\Fall2018\ML\AML_Fall2018\Da...

? 
! Undefined control sequence.
l.264     X=np.genfromtxt('E:\study material\FSU
                                                \Fall2018\ML\AML_Fall2018\Da...

? 
! Undefined control sequence.
l.264 ...np.genfromtxt('E:\study material\FSU\Fall
                                                  2018\ML\AML_Fall2018\Data\...

? 
! Undefined control sequence.
l.264 ...romtxt('E:\study material\FSU\Fall2018\ML
                                                  \AML_Fall2018\Data\wilt\wi...

? 
! Undefined control sequence.
l.264 ...xt('E:\study material\FSU\Fall2018\ML\AML
                                                  _Fall2018\Data\wilt\wilt_t...

? 
! Undefined control sequence.
l.264 ...aterial\FSU\Fall2018\ML\AML_Fall2018\Data
                                                  \wilt\wilt_train.csv', del...

? 
! Undefined control sequence.
l.264 ...al\FSU\Fall2018\ML\AML_Fall2018\Data\wilt
                                                  \wilt_train.csv', delimite...

? 
! Undefined control sequence.
l.264 ...U\Fall2018\ML\AML_Fall2018\Data\wilt\wilt
                                                  _train.csv', delimiter=',')
? 
! Undefined control sequence.
l.265     Y=np.loadtxt('E:\study
                                 material\FSU\Fall2018\ML\AML_Fall2018\Data\...

? 
! Undefined control sequence.
l.265     Y=np.loadtxt('E:\study material\FSU
                                             \Fall2018\ML\AML_Fall2018\Data\...

? 
! Undefined control sequence.
l.265     Y=np.loadtxt('E:\study material\FSU\Fall
                                                  2018\ML\AML_Fall2018\Data\...

? 
! Undefined control sequence.
l.265 ...oadtxt('E:\study material\FSU\Fall2018\ML
                                                  \AML_Fall2018\Data\wilt\wi...

? 
! Undefined control sequence.
l.265 ...xt('E:\study material\FSU\Fall2018\ML\AML
                                                  _Fall2018\Data\wilt\wilt_t...

? 
! Undefined control sequence.
l.265 ...aterial\FSU\Fall2018\ML\AML_Fall2018\Data
                                                  \wilt\wilt_trainlabels.txt')
? 
! Undefined control sequence.
l.265 ...al\FSU\Fall2018\ML\AML_Fall2018\Data\wilt
                                                  \wilt_trainlabels.txt')
? 
! Undefined control sequence.
l.265 ...U\Fall2018\ML\AML_Fall2018\Data\wilt\wilt
                                                  _trainlabels.txt')
? 
! Undefined control sequence.
l.266     XTest=np.genfromtxt('E:\study
                                        material\FSU\Fall2018\ML\AML_Fall201...

? 
! Undefined control sequence.
l.266 ...Test=np.genfromtxt('E:\study material\FSU
                                                  \Fall2018\ML\AML_Fall2018\...

? 
! Undefined control sequence.
l.266 ...np.genfromtxt('E:\study material\FSU\Fall
                                                  2018\ML\AML_Fall2018\Data\...

? 
! Undefined control sequence.
l.266 ...romtxt('E:\study material\FSU\Fall2018\ML
                                                  \AML_Fall2018\Data\wilt\wi...

? 
! Undefined control sequence.
l.266 ...xt('E:\study material\FSU\Fall2018\ML\AML
                                                  _Fall2018\Data\wilt\wilt_t...

? 
! Undefined control sequence.
l.266 ...aterial\FSU\Fall2018\ML\AML_Fall2018\Data
                                                  \wilt\wilt_test.csv', deli...

? 
! Undefined control sequence.
l.266 ...al\FSU\Fall2018\ML\AML_Fall2018\Data\wilt
                                                  \wilt_test.csv', delimiter...

? 
! Undefined control sequence.
l.266 ...U\Fall2018\ML\AML_Fall2018\Data\wilt\wilt
                                                  _test.csv', delimiter=',')
? 
! Undefined control sequence.
l.267     YTest=np.loadtxt('E:\study
                                     material\FSU\Fall2018\ML\AML_Fall2018\D...

? 
! Undefined control sequence.
l.267     YTest=np.loadtxt('E:\study material\FSU
                                                 \Fall2018\ML\AML_Fall2018\D...

? 
! Undefined control sequence.
l.267 ...st=np.loadtxt('E:\study material\FSU\Fall
                                                  2018\ML\AML_Fall2018\Data\...

? 
! Undefined control sequence.
l.267 ...oadtxt('E:\study material\FSU\Fall2018\ML
                                                  \AML_Fall2018\Data\wilt\wi...

? 
! Undefined control sequence.
l.267 ...xt('E:\study material\FSU\Fall2018\ML\AML
                                                  _Fall2018\Data\wilt\wilt_t...

? 
! Undefined control sequence.
l.267 ...aterial\FSU\Fall2018\ML\AML_Fall2018\Data
                                                  \wilt\wilt_testlabels.txt')
? 
! Undefined control sequence.
l.267 ...al\FSU\Fall2018\ML\AML_Fall2018\Data\wilt
                                                  \wilt_testlabels.txt')
? 
! Undefined control sequence.
l.267 ...U\Fall2018\ML\AML_Fall2018\Data\wilt\wilt
                                                  _testlabels.txt')
? 
! Missing $ inserted.
<inserted text> 
                $
l.270 
      
? 

Overfull \hbox (8.56865pt too wide) in paragraph at lines 263--270
[]\T1/lmr/m/n/10 (-20) def problem$[]\OML/lmm/m/it/10 b\OT1/lmr/m/n/10 (-20) ()
 : \OML/lmm/m/it/10 X \OT1/lmr/m/n/10 (-20) = \OML/lmm/m/it/10 np:genfromtxt\OT
1/lmr/m/n/10 (-20) ([]\OML/lmm/m/it/10 E \OT1/lmr/m/n/10 (-20) : \OML/lmm/m/it/
10 material\OT1/lmr/m/n/10 (-20) 2018[]\OML/lmm/m/it/10 all\OT1/lmr/m/n/10 (-20
) 2018[]\OML/lmm/m/it/10 rain:csv[]; delimiter \OT1/lmr/m/n/10 (-20) =[]\OML/lm
m/m/it/10 ;[] \OT1/lmr/m/n/10 (-20) )\OML/lmm/m/it/10 Y \OT1/lmr/m/n/10 (-20) =
 \OML/lmm/m/it/10 np:loadtxt\OT1/lmr/m/n/10 (-20) ([]\OML/lmm/m/it/10 E \OT1/lm
r/m/n/10 (-20) :
 []


Overfull \hbox (18.59087pt too wide) in paragraph at lines 263--270
\OML/lmm/m/it/10 material\OT1/lmr/m/n/10 (-20) 2018[]\OML/lmm/m/it/10 all\OT1/l
mr/m/n/10 (-20) 2018[]\OML/lmm/m/it/10 rainlabels:txt[]\OT1/lmr/m/n/10 (-20) )\
OML/lmm/m/it/10 XTest \OT1/lmr/m/n/10 (-20) = \OML/lmm/m/it/10 np:genfromtxt\OT
1/lmr/m/n/10 (-20) ([]\OML/lmm/m/it/10 E \OT1/lmr/m/n/10 (-20) : \OML/lmm/m/it/
10 material\OT1/lmr/m/n/10 (-20) 2018[]\OML/lmm/m/it/10 all\OT1/lmr/m/n/10 (-20
) 2018[]\OML/lmm/m/it/10 est:csv[]; delimiter \OT1/lmr/m/n/10 (-20) =[]
 []

! Missing $ inserted.
<inserted text> 
                $
l.274     plt.plot(maxDepth, train, label='Error_
                                                 train')
? 
! Missing $ inserted.
<inserted text> 
                $
l.276 
      
? 

Overfull \hbox (97.32765pt too wide) in paragraph at lines 271--276
[]\T1/lmr/m/n/10 (-20) figureIndex=0 plt.figure(figureIndex) fig-ureIn-dex += 1
 plt.plot(maxDepth, train, label='Error$[]\OML/lmm/m/it/10 rain[]\OT1/lmr/m/n/1
0 (-20) )\OML/lmm/m/it/10 plt:plot\OT1/lmr/m/n/10 (-20) (\OML/lmm/m/it/10 maxDe
pth; test; label \OT1/lmr/m/n/10 (-20) =[]
 []

! Missing $ inserted.
<inserted text> 
                $
l.283 def problem_
                  1c():
? 
! Undefined control sequence.
l.284     X=np.loadtxt('E:\study
                                 material\FSU\Fall2018\ML\AML_Fall2018\Data\...

? 
! Undefined control sequence.
l.284     X=np.loadtxt('E:\study material\FSU
                                             \Fall2018\ML\AML_Fall2018\Data\...

? 
! Undefined control sequence.
l.284     X=np.loadtxt('E:\study material\FSU\Fall
                                                  2018\ML\AML_Fall2018\Data\...

? 
! Undefined control sequence.
l.284 ...oadtxt('E:\study material\FSU\Fall2018\ML
                                                  \AML_Fall2018\Data\Gisette...

? 
! Undefined control sequence.
l.284 ...xt('E:\study material\FSU\Fall2018\ML\AML
                                                  _Fall2018\Data\Gisette\gis...

? 
! Undefined control sequence.
l.284 ...aterial\FSU\Fall2018\ML\AML_Fall2018\Data
                                                  \Gisette\gisette_train.txt')
? 
! Undefined control sequence.
l.284 ...FSU\Fall2018\ML\AML_Fall2018\Data\Gisette
                                                  \gisette_train.txt')
? 
! Undefined control sequence.
l.284 ...2018\ML\AML_Fall2018\Data\Gisette\gisette
                                                  _train.txt')
? 
! Undefined control sequence.
l.285     Y=np.loadtxt('E:\study
                                 material\FSU\Fall2018\ML\AML_Fall2018\Data\...

? 
! Undefined control sequence.
l.285     Y=np.loadtxt('E:\study material\FSU
                                             \Fall2018\ML\AML_Fall2018\Data\...

? 
! Undefined control sequence.
l.285     Y=np.loadtxt('E:\study material\FSU\Fall
                                                  2018\ML\AML_Fall2018\Data\...

? 
! Undefined control sequence.
l.285 ...oadtxt('E:\study material\FSU\Fall2018\ML
                                                  \AML_Fall2018\Data\Gisette...

? 
! Undefined control sequence.
l.285 ...xt('E:\study material\FSU\Fall2018\ML\AML
                                                  _Fall2018\Data\Gisette\gis...

? 
! Undefined control sequence.
l.285 ...aterial\FSU\Fall2018\ML\AML_Fall2018\Data
                                                  \Gisette\gisette_trainlabe...

? 
! Undefined control sequence.
l.285 ...FSU\Fall2018\ML\AML_Fall2018\Data\Gisette
                                                  \gisette_trainlabels.txt')
? 
! Undefined control sequence.
l.285 ...2018\ML\AML_Fall2018\Data\Gisette\gisette
                                                  _trainlabels.txt')
? 
! Undefined control sequence.
l.286     XTest=np.loadtxt('E:\study
                                     material\FSU\Fall2018\ML\AML_Fall2018\D...

? 
! Undefined control sequence.
l.286     XTest=np.loadtxt('E:\study material\FSU
                                                 \Fall2018\ML\AML_Fall2018\D...

? 
! Undefined control sequence.
l.286 ...st=np.loadtxt('E:\study material\FSU\Fall
                                                  2018\ML\AML_Fall2018\Data\...

? 
! Undefined control sequence.
l.286 ...oadtxt('E:\study material\FSU\Fall2018\ML
                                                  \AML_Fall2018\Data\Gisette...

? 
! Undefined control sequence.
l.286 ...xt('E:\study material\FSU\Fall2018\ML\AML
                                                  _Fall2018\Data\Gisette\gis...

? 
! Undefined control sequence.
l.286 ...aterial\FSU\Fall2018\ML\AML_Fall2018\Data
                                                  \Gisette\gisette_valid.txt')
? 
! Undefined control sequence.
l.286 ...FSU\Fall2018\ML\AML_Fall2018\Data\Gisette
                                                  \gisette_valid.txt')
? 
! Undefined control sequence.
l.286 ...2018\ML\AML_Fall2018\Data\Gisette\gisette
                                                  _valid.txt')
? 
! Undefined control sequence.
l.287     YTest=np.loadtxt('E:\study
                                     material\FSU\Fall2018\ML\AML_Fall2018\D...

? 
! Undefined control sequence.
l.287     YTest=np.loadtxt('E:\study material\FSU
                                                 \Fall2018\ML\AML_Fall2018\D...

? 
! Undefined control sequence.
l.287 ...st=np.loadtxt('E:\study material\FSU\Fall
                                                  2018\ML\AML_Fall2018\Data\...

? 
! Undefined control sequence.
l.287 ...oadtxt('E:\study material\FSU\Fall2018\ML
                                                  \AML_Fall2018\Data\Gisette...

? 
! Undefined control sequence.
l.287 ...xt('E:\study material\FSU\Fall2018\ML\AML
                                                  _Fall2018\Data\Gisette\gis...

? 
! Undefined control sequence.
l.287 ...aterial\FSU\Fall2018\ML\AML_Fall2018\Data
                                                  \Gisette\gisette_validlabe...

? 
! Undefined control sequence.
l.287 ...FSU\Fall2018\ML\AML_Fall2018\Data\Gisette
                                                  \gisette_validlabels.txt')
? 
! Undefined control sequence.
l.287 ...2018\ML\AML_Fall2018\Data\Gisette\gisette
                                                  _validlabels.txt')
? 
! Missing $ inserted.
<inserted text> 
                $
l.290 
      
? 

Overfull \hbox (130.00676pt too wide) in paragraph at lines 283--290
[]\T1/lmr/m/n/10 (-20) def problem$[]\OML/lmm/m/it/10 c\OT1/lmr/m/n/10 (-20) ()
 : \OML/lmm/m/it/10 X \OT1/lmr/m/n/10 (-20) = \OML/lmm/m/it/10 np:loadtxt\OT1/l
mr/m/n/10 (-20) ([]\OML/lmm/m/it/10 E \OT1/lmr/m/n/10 (-20) : \OML/lmm/m/it/10 
material\OT1/lmr/m/n/10 (-20) 2018[]\OML/lmm/m/it/10 all\OT1/lmr/m/n/10 (-20) 2
018[]\OML/lmm/m/it/10 rain:txt[]\OT1/lmr/m/n/10 (-20) )\OML/lmm/m/it/10 Y \OT1/
lmr/m/n/10 (-20) = \OML/lmm/m/it/10 np:loadtxt\OT1/lmr/m/n/10 (-20) ([]\OML/lmm
/m/it/10 E \OT1/lmr/m/n/10 (-20) : \OML/lmm/m/it/10 material\OT1/lmr/m/n/10 (-2
0) 2018[]\OML/lmm/m/it/10 all\OT1/lmr/m/n/10 (-20) 2018[]\OML/lmm/m/it/10 rainl
abels:txt[]\OT1/lmr/m/n/10 (-20) )\OML/lmm/m/it/10 XTest \OT1/lmr/m/n/10 (-20) 
=
 []


Overfull \hbox (69.13516pt too wide) in paragraph at lines 283--290
\OML/lmm/m/it/10 np:loadtxt\OT1/lmr/m/n/10 (-20) ([]\OML/lmm/m/it/10 E \OT1/lmr
/m/n/10 (-20) : \OML/lmm/m/it/10 material\OT1/lmr/m/n/10 (-20) 2018[]\OML/lmm/m
/it/10 all\OT1/lmr/m/n/10 (-20) 2018[]\OML/lmm/m/it/10 alid:txt[]\OT1/lmr/m/n/1
0 (-20) )\OML/lmm/m/it/10 YTest \OT1/lmr/m/n/10 (-20) = \OML/lmm/m/it/10 np:loa
dtxt\OT1/lmr/m/n/10 (-20) ([]\OML/lmm/m/it/10 E \OT1/lmr/m/n/10 (-20) : \OML/lm
m/m/it/10 material\OT1/lmr/m/n/10 (-20) 2018[]\OML/lmm/m/it/10 all\OT1/lmr/m/n/
10 (-20) 2018[]\OML/lmm/m/it/10 alidlabels:txt[]\OT1/lmr/m/n/10 (-20) )\OML/lmm
/m/it/10 maxDepth \OT1/lmr/m/n/10 (-20) =
 []

! Missing $ inserted.
<inserted text> 
                $
l.294     plt.plot(maxDepth, train, label='Error_
                                                 train')
? 
! Missing $ inserted.
<inserted text> 
                $
l.296 
      
? 

Overfull \hbox (97.32765pt too wide) in paragraph at lines 291--296
[]\T1/lmr/m/n/10 (-20) figureIndex=0 plt.figure(figureIndex) fig-ureIn-dex += 1
 plt.plot(maxDepth, train, label='Error$[]\OML/lmm/m/it/10 rain[]\OT1/lmr/m/n/1
0 (-20) )\OML/lmm/m/it/10 plt:plot\OT1/lmr/m/n/10 (-20) (\OML/lmm/m/it/10 maxDe
pth; test; label \OT1/lmr/m/n/10 (-20) =[]
 []

! Missing $ inserted.
<inserted text> 
                $
l.304 problem_
              1a()
? 
! You can't use `macro parameter character #' in math mode.
l.305 #
       problem_1b()
? 
! You can't use `macro parameter character #' in math mode.
l.306 #
       problem_1c()
? 

! LaTeX Error: \begin{document} ended by \end{minted}.

See the LaTeX manual or LaTeX Companion for explanation.
Type  H <return>  for immediate help.
 ...                                              
                                                  
l.307 \end{minted}
                  
? 
! Missing $ inserted.
<inserted text> 
                $
l.307 \end{minted}
                  
? 
[4]
Package atveryend Info: Empty hook `BeforeClearDocument' on input line 312.
Package atveryend Info: Empty hook `AfterLastShipout' on input line 312.
 (./main.aux)
Package atveryend Info: Executing hook `AtVeryEndDocument' on input line 312.
Package atveryend Info: Executing hook `AtEndAfterFileList' on input line 312.
Package rerunfilecheck Info: File `main.out' has not changed.
(rerunfilecheck)             Checksum: 3BF4C9231DF5AF66F1A84938F03F8B43;276.
Package atveryend Info: Empty hook `AtVeryVeryEnd' on input line 312.
 ) 
Here is how much of TeX's memory you used:
 25009 strings out of 494953
 475253 string characters out of 6180978
 600925 words of memory out of 5000000
 27733 multiletter control sequences out of 15000+600000
 45559 words of font info for 58 fonts, out of 8000000 for 9000
 14 hyphenation exceptions out of 8191
 64i,11n,69p,483b,514s stack positions out of 5000i,500n,10000p,200000b,80000s
{/usr/share/texmf/fonts/enc/dvips/lm/lm-mathsy.enc}{/usr/share/texmf/fonts/en
c/dvips/lm/lm-rm.enc}{/usr/share/texmf/fonts/enc/dvips/lm/lm-mathit.enc}{/usr/s
hare/texmf/fonts/enc/dvips/lm/lm-ec.enc}</usr/share/texlive/texmf-dist/fonts/ty
pe1/public/amsfonts/cm/cmr10.pfb></usr/share/texmf/fonts/type1/public/lm/lmb10.
pfb></usr/share/texmf/fonts/type1/public/lm/lmmi10.pfb></usr/share/texmf/fonts/
type1/public/lm/lmmi5.pfb></usr/share/texmf/fonts/type1/public/lm/lmmi7.pfb></u
sr/share/texmf/fonts/type1/public/lm/lmr10.pfb></usr/share/texmf/fonts/type1/pu
blic/lm/lmr12.pfb></usr/share/texmf/fonts/type1/public/lm/lmr5.pfb></usr/share/
texmf/fonts/type1/public/lm/lmr7.pfb></usr/share/texmf/fonts/type1/public/lm/lm
r8.pfb></usr/share/texmf/fonts/type1/public/lm/lmr9.pfb></usr/share/texmf/fonts
/type1/public/lm/lmsy10.pfb></usr/share/texmf/fonts/type1/public/lm/lmsy7.pfb>
Output written on main.pdf (4 pages, 333336 bytes).
PDF statistics:
 127 PDF objects out of 1000 (max. 8388607)
 101 compressed objects within 2 object streams
 19 named destinations out of 1000 (max. 500000)
 13897 words of extra memory for PDF output out of 14400 (max. 10000000)

